5.1685 	EXP 	Created window1 = Window(allowGUI=True, allowStencil=False, autoLog=True, backendConf=UNKNOWN, backgroundFit=<method-wrapper '__getattribute__' of attributeSetter object at 0x000001EA0D56EF10>, backgroundImage=<method-wrapper '__getattribute__' of attributeSetter object at 0x000001EA0D56EEB0>, bitsMode=UNKNOWN, blendMode='avg', bpc=(8, 8, 8), color=array([0, 0, 0]), colorSpace='rgb', depthBits=8, fullscr=<method-wrapper '__getattribute__' of attributeSetter object at 0x000001EA0D56EBB0>, gamma=None, gammaErrorPolicy='raise', lms=UNKNOWN, monitor=<psychopy.monitors.calibTools.Monitor object at 0x000001EA136B64F0>, multiSample=False, name='window1', numSamples=2, pos=(0, 0), screen=0, size=array([1920, 1080]), stencilBits=0, stereo=False, units='height', useFBO=True, useRetina=False, viewOri=0.0, viewPos=None, viewScale=None, waitBlanking=True, winType='pyglet')
5.1686 	EXP 	window1: mouseVisible = True
5.1686 	EXP 	window1: backgroundImage = ''
5.1686 	EXP 	window1: backgroundFit = 'none'
5.1687 	EXP 	window1: mouseVisible = False
5.1687 	EXP 	window1: Attempting to measure frame rate of screen (0) ...
5.1687 	EXP 	window1: recordFrameIntervals = False
5.1962 	EXP 	window1: recordFrameIntervals = True
5.2268 	EXP 	Screen (0) actual frame rate measured at 359.40Hz
5.2268 	EXP 	window1: recordFrameIntervals = False
6.7403 	EXP 	Created GetReadyTimed_Text = TextStim(__class__=<class 'psychopy.visual.text.TextStim'>, alignHoriz=method-wrapper(...), alignText='center', alignVert=method-wrapper(...), anchorHoriz='center', anchorVert='center', antialias=True, autoDraw=False, autoLog=True, bold=False, color=array([1., 1., 1.]), colorSpace='rgb', contrast=1.0, depth=0.0, flipHoriz=False, flipVert=False, font='Open Sans', fontFiles=[], height=0.05, italic=False, languageStyle='LTR', name='GetReadyTimed_Text', opacity=1.0, ori=0.0, pos=array([0., 0.]), rgb=UNKNOWN, text='', units='height', win=Window(...), wrapWidth=1)
6.7410 	EXP 	Created NStorySentence_Text = TextStim(__class__=<class 'psychopy.visual.text.TextStim'>, alignHoriz=method-wrapper(...), alignText='center', alignVert=method-wrapper(...), anchorHoriz='center', anchorVert='center', antialias=True, autoDraw=False, autoLog=True, bold=False, color=array([1., 1., 1.]), colorSpace='rgb', contrast=1.0, depth=0.0, flipHoriz=False, flipVert=False, font='Open Sans', fontFiles=[], height=0.05, italic=False, languageStyle='LTR', name='NStorySentence_Text', opacity=1.0, ori=0.0, pos=array([0., 0.]), rgb=UNKNOWN, text='', units='height', win=Window(...), wrapWidth=1)
6.7775 	EXP 	Created NStoryRating_Text = TextStim(__class__=<class 'psychopy.visual.text.TextStim'>, alignHoriz=method-wrapper(...), alignText='center', alignVert=method-wrapper(...), anchorHoriz='center', anchorVert='center', antialias=True, autoDraw=False, autoLog=True, bold=False, color=array([1., 1., 1.]), colorSpace='rgb', contrast=1.0, depth=0.0, flipHoriz=False, flipVert=False, font='Open Sans', fontFiles=[], height=0.05, italic=False, languageStyle='LTR', name='NStoryRating_Text', opacity=1.0, ori=0.0, pos=array([0. , 0.3]), rgb=UNKNOWN, text='How are you feeling?', units='height', win=Window(...), wrapWidth=1)
6.7832 	EXP 	window1: mouseVisible = True
6.7993 	EXP 	Created NStoryRating_Response = Slider(__class__=<class 'psychopy.visual.slider.Slider'>, autoDraw=False, autoLog=True, borderColor=None, color=None, colorSpace='rgb', depth=-1, fillColor=None, flip=False, font='Open Sans', granularity=1, labelColor=None, labelHeight=0.05, labelWrapWidth=None, labels=None, lineColor=None, markerColor=None, name='NStoryRating_Response', opacity=None, ori=0.0, pos=array([ 0. , -0.4]), readOnly=False, self=UNKNOWN, size=array([1. , 0.1]), startValue=None, style='choice', styleTweaks=[], ticks=array([1, 2, 3, 4, 5]), units='height', win=Window(...))
6.8348 	EXP 	window1: mouseVisible = True
6.8417 	EXP 	Created NTrial_NSB = TextStim(__class__=<class 'psychopy.visual.text.TextStim'>, alignHoriz=method-wrapper(...), alignText='center', alignVert=method-wrapper(...), anchorHoriz='center', anchorVert='center', antialias=True, autoDraw=False, autoLog=True, bold=False, color=array([1., 1., 1.]), colorSpace='rgb', contrast=1.0, depth=0.0, flipHoriz=False, flipVert=False, font='Open Sans', fontFiles=[], height=0.05, italic=False, languageStyle='LTR', name='NTrial_NSB', opacity=1.0, ori=0.0, pos=array([0., 0.]), rgb=UNKNOWN, text='Negative Self Belief', units='height', win=Window(...), wrapWidth=1)
6.8457 	EXP 	Created NTrial_Cue = TextStim(__class__=<class 'psychopy.visual.text.TextStim'>, alignHoriz=method-wrapper(...), alignText='center', alignVert=method-wrapper(...), anchorHoriz='center', anchorVert='center', antialias=True, autoDraw=False, autoLog=True, bold=False, color=array([ 1., -1., -1.]), colorSpace='rgb', contrast=1.0, depth=-1.0, flipHoriz=False, flipVert=False, font='Open Sans', fontFiles=[], height=0.05, italic=False, languageStyle='LTR', name='NTrial_Cue', opacity=1.0, ori=0.0, pos=array([ 0. , -0.5]), rgb=UNKNOWN, text='REACT', units='height', win=Window(...), wrapWidth=1)
6.8476 	EXP 	Created NTrial_RatingText = TextStim(__class__=<class 'psychopy.visual.text.TextStim'>, alignHoriz=method-wrapper(...), alignText='center', alignVert=method-wrapper(...), anchorHoriz='center', anchorVert='center', antialias=True, autoDraw=False, autoLog=True, bold=False, color=array([1., 1., 1.]), colorSpace='rgb', contrast=1.0, depth=-2.0, flipHoriz=False, flipVert=False, font='Open Sans', fontFiles=[], height=0.05, italic=False, languageStyle='LTR', name='NTrial_RatingText', opacity=1.0, ori=0.0, pos=array([0. , 0.3]), rgb=UNKNOWN, text='How are you feeling?', units='height', win=Window(...), wrapWidth=1)
6.8505 	EXP 	window1: mouseVisible = True
6.8619 	EXP 	Created NTrial_RatingResponse = Slider(__class__=<class 'psychopy.visual.slider.Slider'>, autoDraw=False, autoLog=True, borderColor=None, color=None, colorSpace='rgb', depth=-3, fillColor=None, flip=False, font='Open Sans', granularity=1, labelColor=None, labelHeight=0.05, labelWrapWidth=None, labels=None, lineColor=None, markerColor=None, name='NTrial_RatingResponse', opacity=None, ori=0.0, pos=array([ 0. , -0.4]), readOnly=False, self=UNKNOWN, size=array([1. , 0.1]), startValue=None, style='choice', styleTweaks=[], ticks=array([1, 2, 3, 4, 5]), units='height', win=Window(...))
6.8735 	EXP 	window1: mouseVisible = True
6.8799 	EXP 	NStoryRating_Response: autoLog = True
6.8799 	EXP 	NStoryRating_Response: markerPos = None
6.8799 	EXP 	NStoryRating_Response: styleTweaks = []
6.8799 	EXP 	NStoryRating_Response: styleTweaks = []
6.8799 	EXP 	NStoryRating_Response: styleTweaks = []
6.8799 	EXP 	NStoryRating_Response: styleTweaks = []
6.8799 	EXP 	NStoryRating_Response: contrast = 1.0
6.8799 	EXP 	NStoryRating_Response: autoLog = True
6.8799 	EXP 	NTrial_RatingResponse: autoLog = True
6.8799 	EXP 	NTrial_RatingResponse: markerPos = None
6.8799 	EXP 	NTrial_RatingResponse: styleTweaks = []
6.8799 	EXP 	NTrial_RatingResponse: styleTweaks = []
6.8799 	EXP 	NTrial_RatingResponse: styleTweaks = []
6.8799 	EXP 	NTrial_RatingResponse: styleTweaks = []
6.8799 	EXP 	NTrial_RatingResponse: contrast = 1.0
6.8799 	EXP 	NTrial_RatingResponse: autoLog = True
6.8799 	EXP 	GetReadyTimed_Text: autoDraw = True
9.8778 	EXP 	GetReadyTimed_Text: autoDraw = False
9.8778 	EXP 	NStorySentence_Text: height = 0.05
9.8778 	EXP 	NStorySentence_Text: height = 0.05
9.8778 	EXP 	NStorySentence_Text: height = 0.05
9.8778 	EXP 	NStorySentence_Text: text = 'Negative Story Sentence'
9.8778 	EXP 	NStorySentence_Text: autoDraw = True
12.8881 	EXP 	NStorySentence_Text: autoDraw = False
12.8881 	EXP 	NStoryRating_Response: markerPos = None
12.8881 	EXP 	NStoryRating_Response: markerPos = None
12.8881 	EXP 	NStoryRating_Text: autoDraw = True
12.8881 	EXP 	NStoryRating_Response: autoDraw = True
14.6491 	DATA 	Mouse: Left button down, pos=(714,87)
14.6545 	EXP 	NStoryRating_Response: markerPos = 2.088888888888889
14.6579 	EXP 	NStoryRating_Response: markerPos = 2.088888888888889
14.6614 	EXP 	NStoryRating_Response: markerPos = 2.088888888888889
14.6649 	EXP 	NStoryRating_Response: markerPos = 2.088888888888889
14.6685 	EXP 	NStoryRating_Response: markerPos = 2.088888888888889
14.6720 	EXP 	NStoryRating_Response: markerPos = 2.088888888888889
14.6755 	EXP 	NStoryRating_Response: markerPos = 2.088888888888889
14.6793 	EXP 	NStoryRating_Response: markerPos = 2.088888888888889
14.6834 	EXP 	NStoryRating_Response: markerPos = 2.088888888888889
14.6870 	EXP 	NStoryRating_Response: markerPos = 2.088888888888889
14.6904 	EXP 	NStoryRating_Response: markerPos = 2.088888888888889
14.6939 	EXP 	NStoryRating_Response: markerPos = 2.088888888888889
14.6974 	EXP 	NStoryRating_Response: markerPos = 2.088888888888889
14.7008 	EXP 	NStoryRating_Response: markerPos = 2.088888888888889
14.7046 	EXP 	NStoryRating_Response: markerPos = 2.088888888888889
14.7083 	EXP 	NStoryRating_Response: markerPos = 2.088888888888889
14.7122 	EXP 	NStoryRating_Response: markerPos = 2.088888888888889
14.7159 	EXP 	NStoryRating_Response: markerPos = 2.088888888888889
14.7195 	EXP 	NStoryRating_Response: markerPos = 2.088888888888889
14.7233 	EXP 	NStoryRating_Response: markerPos = 2.088888888888889
14.7269 	EXP 	NStoryRating_Response: markerPos = 2.088888888888889
14.7304 	EXP 	NStoryRating_Response: markerPos = 2.088888888888889
14.7338 	EXP 	NStoryRating_Response: markerPos = 2.088888888888889
14.7372 	EXP 	NStoryRating_Response: markerPos = 2.088888888888889
14.7407 	EXP 	NStoryRating_Response: markerPos = 2.088888888888889
14.7446 	EXP 	NStoryRating_Response: markerPos = 2.088888888888889
14.7484 	EXP 	NStoryRating_Response: markerPos = 2.088888888888889
14.7524 	EXP 	NStoryRating_Response: markerPos = 2.088888888888889
14.7561 	EXP 	NStoryRating_Response: markerPos = 2.088888888888889
14.7596 	EXP 	NStoryRating_Response: markerPos = 2.088888888888889
14.7635 	EXP 	NStoryRating_Response: markerPos = 2.088888888888889
14.7673 	EXP 	NStoryRating_Response: markerPos = 2.0962962962962965
14.7707 	EXP 	NStoryRating_Response: markerPos = 2.0962962962962965
14.7744 	EXP 	NStoryRating_Response: markerPos = 2.1037037037037036
14.7779 	EXP 	NStoryRating_Response: markerPos = 2.1037037037037036
14.7816 	EXP 	NStoryRating_Response: markerPos = 2.1037037037037036
14.7853 	EXP 	NStoryRating_Response: markerPos = 2.1148148148148147
14.7891 	EXP 	NStoryRating_Response: markerPos = 2.1148148148148147
14.7930 	EXP 	NStoryRating_Response: markerPos = 2.1259259259259258
14.7965 	EXP 	NStoryRating_Response: markerPos = 2.1259259259259258
14.8001 	EXP 	NStoryRating_Response: markerPos = 2.137037037037037
14.8035 	EXP 	NStoryRating_Response: markerPos = 2.137037037037037
14.8074 	EXP 	NStoryRating_Response: markerPos = 2.151851851851852
14.8110 	EXP 	NStoryRating_Response: markerPos = 2.151851851851852
14.8148 	EXP 	NStoryRating_Response: markerPos = 2.174074074074074
14.8184 	EXP 	NStoryRating_Response: markerPos = 2.174074074074074
14.8221 	EXP 	NStoryRating_Response: markerPos = 2.174074074074074
14.8257 	EXP 	NStoryRating_Response: markerPos = 2.2
14.8296 	EXP 	NStoryRating_Response: markerPos = 2.2
14.8331 	EXP 	NStoryRating_Response: markerPos = 2.2296296296296294
14.8371 	EXP 	NStoryRating_Response: markerPos = 2.2296296296296294
14.8409 	EXP 	NStoryRating_Response: markerPos = 2.262962962962963
14.8448 	EXP 	NStoryRating_Response: markerPos = 2.262962962962963
14.8486 	EXP 	NStoryRating_Response: markerPos = 2.303703703703704
14.8525 	EXP 	NStoryRating_Response: markerPos = 2.303703703703704
14.8561 	EXP 	NStoryRating_Response: markerPos = 2.340740740740741
14.8596 	EXP 	NStoryRating_Response: markerPos = 2.340740740740741
14.8634 	EXP 	NStoryRating_Response: markerPos = 2.388888888888889
14.8675 	EXP 	NStoryRating_Response: markerPos = 2.388888888888889
14.8715 	EXP 	NStoryRating_Response: markerPos = 2.4407407407407407
14.8753 	EXP 	NStoryRating_Response: markerPos = 2.4407407407407407
14.8792 	EXP 	NStoryRating_Response: markerPos = 2.503703703703704
14.8832 	EXP 	NStoryRating_Response: markerPos = 2.503703703703704
14.8868 	EXP 	NStoryRating_Response: markerPos = 2.5555555555555554
14.8907 	EXP 	NStoryRating_Response: markerPos = 2.5555555555555554
14.8943 	EXP 	NStoryRating_Response: markerPos = 2.6148148148148147
14.8979 	EXP 	NStoryRating_Response: markerPos = 2.6148148148148147
14.9014 	EXP 	NStoryRating_Response: markerPos = 2.7
14.9051 	EXP 	NStoryRating_Response: markerPos = 2.7
14.9088 	EXP 	NStoryRating_Response: markerPos = 2.7703703703703706
14.9127 	EXP 	NStoryRating_Response: markerPos = 2.7703703703703706
14.9165 	EXP 	NStoryRating_Response: markerPos = 2.8555555555555556
14.9203 	EXP 	NStoryRating_Response: markerPos = 2.8555555555555556
14.9241 	EXP 	NStoryRating_Response: markerPos = 2.8555555555555556
14.9277 	EXP 	NStoryRating_Response: markerPos = 2.9407407407407407
14.9318 	EXP 	NStoryRating_Response: markerPos = 2.9407407407407407
14.9354 	EXP 	NStoryRating_Response: markerPos = 3.025925925925926
14.9389 	EXP 	NStoryRating_Response: markerPos = 3.025925925925926
14.9424 	EXP 	NStoryRating_Response: markerPos = 3.1148148148148147
14.9464 	EXP 	NStoryRating_Response: markerPos = 3.1148148148148147
14.9504 	EXP 	NStoryRating_Response: markerPos = 3.1925925925925926
14.9542 	EXP 	NStoryRating_Response: markerPos = 3.1925925925925926
14.9580 	EXP 	NStoryRating_Response: markerPos = 3.248148148148148
14.9622 	EXP 	NStoryRating_Response: markerPos = 3.248148148148148
14.9658 	EXP 	NStoryRating_Response: markerPos = 3.3
14.9695 	EXP 	NStoryRating_Response: markerPos = 3.3
14.9731 	EXP 	NStoryRating_Response: markerPos = 3.348148148148148
14.9770 	EXP 	NStoryRating_Response: markerPos = 3.348148148148148
14.9811 	EXP 	NStoryRating_Response: markerPos = 3.3814814814814813
14.9849 	EXP 	NStoryRating_Response: markerPos = 3.3814814814814813
14.9886 	EXP 	NStoryRating_Response: markerPos = 3.411111111111111
14.9924 	EXP 	NStoryRating_Response: markerPos = 3.411111111111111
14.9960 	EXP 	NStoryRating_Response: markerPos = 3.4296296296296296
14.9996 	EXP 	NStoryRating_Response: markerPos = 3.4296296296296296
15.0034 	EXP 	NStoryRating_Response: markerPos = 3.4444444444444446
15.0070 	EXP 	NStoryRating_Response: markerPos = 3.4444444444444446
15.0107 	EXP 	NStoryRating_Response: markerPos = 3.448148148148148
15.0146 	EXP 	NStoryRating_Response: markerPos = 3.448148148148148
15.0187 	EXP 	NStoryRating_Response: markerPos = 3.448148148148148
15.0225 	EXP 	NStoryRating_Response: markerPos = 3.448148148148148
15.0261 	EXP 	NStoryRating_Response: markerPos = 3.448148148148148
15.0298 	EXP 	NStoryRating_Response: markerPos = 3.448148148148148
15.0333 	EXP 	NStoryRating_Response: markerPos = 3.448148148148148
15.0368 	EXP 	NStoryRating_Response: markerPos = 3.448148148148148
15.0407 	EXP 	NStoryRating_Response: markerPos = 3.448148148148148
15.0444 	EXP 	NStoryRating_Response: markerPos = 3.448148148148148
15.0481 	EXP 	NStoryRating_Response: markerPos = 3.448148148148148
15.0521 	EXP 	NStoryRating_Response: markerPos = 3.448148148148148
15.0557 	EXP 	NStoryRating_Response: markerPos = 3.448148148148148
15.0593 	EXP 	NStoryRating_Response: markerPos = 3.448148148148148
15.0630 	EXP 	NStoryRating_Response: markerPos = 3.448148148148148
15.0665 	EXP 	NStoryRating_Response: markerPos = 3.448148148148148
15.0704 	EXP 	NStoryRating_Response: markerPos = 3.448148148148148
15.0740 	EXP 	NStoryRating_Response: markerPos = 3.448148148148148
15.0775 	EXP 	NStoryRating_Response: markerPos = 3.448148148148148
15.0812 	EXP 	NStoryRating_Response: markerPos = 3.448148148148148
15.0851 	EXP 	NStoryRating_Response: markerPos = 3.448148148148148
15.0886 	EXP 	NStoryRating_Response: markerPos = 3.448148148148148
15.0920 	EXP 	NStoryRating_Response: markerPos = 3.448148148148148
15.0957 	EXP 	NStoryRating_Response: markerPos = 3.448148148148148
15.0994 	EXP 	NStoryRating_Response: markerPos = 3.448148148148148
15.1029 	EXP 	NStoryRating_Response: markerPos = 3.448148148148148
15.1065 	EXP 	NStoryRating_Response: markerPos = 3.448148148148148
15.1101 	EXP 	NStoryRating_Response: markerPos = 3.448148148148148
15.1141 	EXP 	NStoryRating_Response: markerPos = 3.448148148148148
15.1176 	EXP 	NStoryRating_Response: markerPos = 3.448148148148148
15.1212 	DATA 	Mouse:  Left button up, pos=(1081,63)
15.1220 	EXP 	NStoryRating_Response: markerPos = 3.448148148148148
15.1256 	EXP 	NStoryRating_Response: markerPos = 3
15.5339 	DATA 	Mouse: Left button down, pos=(1250,114)
15.5395 	EXP 	NStoryRating_Response: markerPos = 4.074074074074074
15.5438 	EXP 	NStoryRating_Response: markerPos = 4.074074074074074
15.5481 	EXP 	NStoryRating_Response: markerPos = 4.074074074074074
15.5527 	EXP 	NStoryRating_Response: markerPos = 4.074074074074074
15.5568 	EXP 	NStoryRating_Response: markerPos = 4.074074074074074
15.5609 	EXP 	NStoryRating_Response: markerPos = 4.074074074074074
15.5652 	EXP 	NStoryRating_Response: markerPos = 4.074074074074074
15.5695 	EXP 	NStoryRating_Response: markerPos = 4.074074074074074
15.5739 	EXP 	NStoryRating_Response: markerPos = 4.074074074074074
15.5779 	EXP 	NStoryRating_Response: markerPos = 4.074074074074074
15.5826 	EXP 	NStoryRating_Response: markerPos = 4.074074074074074
15.5868 	EXP 	NStoryRating_Response: markerPos = 4.074074074074074
15.5912 	EXP 	NStoryRating_Response: markerPos = 4.074074074074074
15.5953 	EXP 	NStoryRating_Response: markerPos = 4.074074074074074
15.5998 	EXP 	NStoryRating_Response: markerPos = 4.074074074074074
15.6041 	EXP 	NStoryRating_Response: markerPos = 4.074074074074074
15.6082 	EXP 	NStoryRating_Response: markerPos = 4.074074074074074
15.6126 	EXP 	NStoryRating_Response: markerPos = 4.074074074074074
15.6170 	EXP 	NStoryRating_Response: markerPos = 4.074074074074074
15.6214 	EXP 	NStoryRating_Response: markerPos = 4.074074074074074
15.6257 	EXP 	NStoryRating_Response: markerPos = 4.074074074074074
15.6299 	EXP 	NStoryRating_Response: markerPos = 4.074074074074074
15.6343 	EXP 	NStoryRating_Response: markerPos = 4.074074074074074
15.6354 	DATA 	Mouse:  Left button up, pos=(1250,114)
15.6391 	EXP 	NStoryRating_Response: markerPos = 4
15.8628 	DATA 	Mouse: Left button down, pos=(925,104)
15.8671 	EXP 	NStoryRating_Response: markerPos = 2.8703703703703702
15.8712 	EXP 	NStoryRating_Response: markerPos = 2.8703703703703702
15.8753 	EXP 	NStoryRating_Response: markerPos = 2.8703703703703702
15.8798 	EXP 	NStoryRating_Response: markerPos = 2.8703703703703702
15.8843 	EXP 	NStoryRating_Response: markerPos = 2.8703703703703702
15.8885 	EXP 	NStoryRating_Response: markerPos = 2.8703703703703702
15.8929 	EXP 	NStoryRating_Response: markerPos = 2.8703703703703702
15.8970 	EXP 	NStoryRating_Response: markerPos = 2.8703703703703702
15.9013 	EXP 	NStoryRating_Response: markerPos = 2.8703703703703702
15.9056 	EXP 	NStoryRating_Response: markerPos = 2.8703703703703702
15.9097 	EXP 	NStoryRating_Response: markerPos = 2.8703703703703702
15.9139 	EXP 	NStoryRating_Response: markerPos = 2.8703703703703702
15.9180 	EXP 	NStoryRating_Response: markerPos = 2.8703703703703702
15.9222 	EXP 	NStoryRating_Response: markerPos = 2.8703703703703702
15.9262 	EXP 	NStoryRating_Response: markerPos = 2.8703703703703702
15.9304 	EXP 	NStoryRating_Response: markerPos = 2.8703703703703702
15.9344 	EXP 	NStoryRating_Response: markerPos = 2.8703703703703702
15.9385 	EXP 	NStoryRating_Response: markerPos = 2.8703703703703702
15.9429 	EXP 	NStoryRating_Response: markerPos = 2.8703703703703702
15.9470 	EXP 	NStoryRating_Response: markerPos = 2.8703703703703702
15.9516 	EXP 	NStoryRating_Response: markerPos = 2.8703703703703702
15.9562 	EXP 	NStoryRating_Response: markerPos = 2.8703703703703702
15.9602 	DATA 	Mouse:  Left button up, pos=(925,104)
15.9609 	EXP 	NStoryRating_Response: markerPos = 2.8703703703703702
15.9650 	EXP 	NStoryRating_Response: markerPos = 3
16.1236 	DATA 	Mouse: Left button down, pos=(795,107)
16.1288 	EXP 	NStoryRating_Response: markerPos = 2.388888888888889
16.1336 	EXP 	NStoryRating_Response: markerPos = 2.388888888888889
16.1378 	EXP 	NStoryRating_Response: markerPos = 2.388888888888889
16.1421 	EXP 	NStoryRating_Response: markerPos = 2.388888888888889
16.1464 	EXP 	NStoryRating_Response: markerPos = 2.388888888888889
16.1508 	EXP 	NStoryRating_Response: markerPos = 2.388888888888889
16.1552 	EXP 	NStoryRating_Response: markerPos = 2.388888888888889
16.1595 	EXP 	NStoryRating_Response: markerPos = 2.388888888888889
16.1639 	EXP 	NStoryRating_Response: markerPos = 2.388888888888889
16.1678 	EXP 	NStoryRating_Response: markerPos = 2.388888888888889
16.1722 	EXP 	NStoryRating_Response: markerPos = 2.388888888888889
16.1761 	EXP 	NStoryRating_Response: markerPos = 2.388888888888889
16.1805 	EXP 	NStoryRating_Response: markerPos = 2.388888888888889
16.1848 	EXP 	NStoryRating_Response: markerPos = 2.388888888888889
16.1887 	EXP 	NStoryRating_Response: markerPos = 2.388888888888889
16.1929 	EXP 	NStoryRating_Response: markerPos = 2.388888888888889
16.1972 	EXP 	NStoryRating_Response: markerPos = 2.388888888888889
16.2016 	EXP 	NStoryRating_Response: markerPos = 2.388888888888889
16.2058 	EXP 	NStoryRating_Response: markerPos = 2.388888888888889
16.2096 	DATA 	Mouse:  Left button up, pos=(795,107)
16.2104 	EXP 	NStoryRating_Response: markerPos = 2.388888888888889
16.2149 	EXP 	NStoryRating_Response: markerPos = 2
16.5850 	DATA 	Mouse: Left button down, pos=(524,118)
16.5889 	EXP 	NStoryRating_Response: markerPos = 1.385185185185185
16.5931 	EXP 	NStoryRating_Response: markerPos = 1.385185185185185
16.5972 	EXP 	NStoryRating_Response: markerPos = 1.3777777777777778
16.6016 	EXP 	NStoryRating_Response: markerPos = 1.3777777777777778
16.6061 	EXP 	NStoryRating_Response: markerPos = 1.3777777777777778
16.6105 	EXP 	NStoryRating_Response: markerPos = 1.3777777777777778
16.6148 	EXP 	NStoryRating_Response: markerPos = 1.374074074074074
16.6189 	EXP 	NStoryRating_Response: markerPos = 1.374074074074074
16.6233 	EXP 	NStoryRating_Response: markerPos = 1.374074074074074
16.6276 	EXP 	NStoryRating_Response: markerPos = 1.374074074074074
16.6322 	EXP 	NStoryRating_Response: markerPos = 1.374074074074074
16.6366 	EXP 	NStoryRating_Response: markerPos = 1.374074074074074
16.6409 	EXP 	NStoryRating_Response: markerPos = 1.374074074074074
16.6454 	EXP 	NStoryRating_Response: markerPos = 1.374074074074074
16.6498 	EXP 	NStoryRating_Response: markerPos = 1.374074074074074
16.6540 	EXP 	NStoryRating_Response: markerPos = 1.374074074074074
16.6580 	EXP 	NStoryRating_Response: markerPos = 1.374074074074074
16.6625 	EXP 	NStoryRating_Response: markerPos = 1.374074074074074
16.6666 	EXP 	NStoryRating_Response: markerPos = 1.374074074074074
16.6709 	EXP 	NStoryRating_Response: markerPos = 1.374074074074074
16.6752 	EXP 	NStoryRating_Response: markerPos = 1.374074074074074
16.6799 	EXP 	NStoryRating_Response: markerPos = 1.374074074074074
16.6843 	EXP 	NStoryRating_Response: markerPos = 1.374074074074074
16.6881 	DATA 	Mouse:  Left button up, pos=(521,118)
16.6887 	EXP 	NStoryRating_Response: markerPos = 1.374074074074074
16.6927 	EXP 	NStoryRating_Response: markerPos = 1
16.9050 	DATA 	Mouse: Left button down, pos=(379,129)
16.9083 	EXP 	NStoryRating_Response: markerPos = 0.8481481481481481
16.9129 	EXP 	NStoryRating_Response: markerPos = 0.8481481481481481
16.9172 	EXP 	NStoryRating_Response: markerPos = 0.8481481481481481
16.9216 	EXP 	NStoryRating_Response: markerPos = 0.8481481481481481
16.9257 	EXP 	NStoryRating_Response: markerPos = 0.8481481481481481
16.9300 	EXP 	NStoryRating_Response: markerPos = 0.8481481481481481
16.9343 	EXP 	NStoryRating_Response: markerPos = 0.8481481481481481
16.9385 	EXP 	NStoryRating_Response: markerPos = 0.8481481481481481
16.9427 	EXP 	NStoryRating_Response: markerPos = 0.8481481481481481
16.9469 	EXP 	NStoryRating_Response: markerPos = 0.8481481481481481
16.9514 	EXP 	NStoryRating_Response: markerPos = 0.8481481481481481
16.9558 	EXP 	NStoryRating_Response: markerPos = 0.8481481481481481
16.9601 	EXP 	NStoryRating_Response: markerPos = 0.8481481481481481
16.9645 	EXP 	NStoryRating_Response: markerPos = 0.8481481481481481
16.9687 	EXP 	NStoryRating_Response: markerPos = 0.8481481481481481
16.9728 	EXP 	NStoryRating_Response: markerPos = 0.8481481481481481
16.9768 	EXP 	NStoryRating_Response: markerPos = 0.8481481481481481
16.9816 	EXP 	NStoryRating_Response: markerPos = 0.8518518518518516
16.9859 	EXP 	NStoryRating_Response: markerPos = 0.8518518518518516
16.9901 	EXP 	NStoryRating_Response: markerPos = 0.8666666666666667
16.9938 	DATA 	Mouse:  Left button up, pos=(393,132)
16.9944 	EXP 	NStoryRating_Response: markerPos = 0.8666666666666667
16.9985 	EXP 	NStoryRating_Response: markerPos = 1
17.1423 	DATA 	Mouse: Left button down, pos=(545,130)
17.1472 	EXP 	NStoryRating_Response: markerPos = 1.462962962962963
17.1522 	EXP 	NStoryRating_Response: markerPos = 1.462962962962963
17.1562 	EXP 	NStoryRating_Response: markerPos = 1.462962962962963
17.1601 	EXP 	NStoryRating_Response: markerPos = 1.4666666666666666
17.1642 	EXP 	NStoryRating_Response: markerPos = 1.4666666666666666
17.1679 	EXP 	NStoryRating_Response: markerPos = 1.4666666666666666
17.1723 	EXP 	NStoryRating_Response: markerPos = 1.4666666666666666
17.1761 	EXP 	NStoryRating_Response: markerPos = 1.4666666666666666
17.1806 	EXP 	NStoryRating_Response: markerPos = 1.4666666666666666
17.1851 	EXP 	NStoryRating_Response: markerPos = 1.4666666666666666
17.1892 	EXP 	NStoryRating_Response: markerPos = 1.4666666666666666
17.1932 	EXP 	NStoryRating_Response: markerPos = 1.4666666666666666
17.1969 	EXP 	NStoryRating_Response: markerPos = 1.4666666666666666
17.2010 	EXP 	NStoryRating_Response: markerPos = 1.4666666666666666
17.2051 	EXP 	NStoryRating_Response: markerPos = 1.4666666666666666
17.2094 	EXP 	NStoryRating_Response: markerPos = 1.4666666666666666
17.2136 	EXP 	NStoryRating_Response: markerPos = 1.4666666666666666
17.2178 	EXP 	NStoryRating_Response: markerPos = 1.4666666666666666
17.2220 	EXP 	NStoryRating_Response: markerPos = 1.4666666666666666
17.2261 	EXP 	NStoryRating_Response: markerPos = 1.4666666666666666
17.2302 	EXP 	NStoryRating_Response: markerPos = 1.4666666666666666
17.2344 	EXP 	NStoryRating_Response: markerPos = 1.4666666666666666
17.2354 	DATA 	Mouse:  Left button up, pos=(546,130)
17.2387 	EXP 	NStoryRating_Response: markerPos = 1
17.4094 	DATA 	Mouse: Left button down, pos=(647,116)
17.4146 	EXP 	NStoryRating_Response: markerPos = 1.8407407407407408
17.4190 	EXP 	NStoryRating_Response: markerPos = 1.8407407407407408
17.4233 	EXP 	NStoryRating_Response: markerPos = 1.8407407407407408
17.4275 	EXP 	NStoryRating_Response: markerPos = 1.8407407407407408
17.4316 	EXP 	NStoryRating_Response: markerPos = 1.8407407407407408
17.4354 	EXP 	NStoryRating_Response: markerPos = 1.8407407407407408
17.4395 	EXP 	NStoryRating_Response: markerPos = 1.8407407407407408
17.4441 	EXP 	NStoryRating_Response: markerPos = 1.8407407407407408
17.4484 	EXP 	NStoryRating_Response: markerPos = 1.8407407407407408
17.4527 	EXP 	NStoryRating_Response: markerPos = 1.8407407407407408
17.4566 	EXP 	NStoryRating_Response: markerPos = 1.8407407407407408
17.4607 	EXP 	NStoryRating_Response: markerPos = 1.8407407407407408
17.4646 	EXP 	NStoryRating_Response: markerPos = 1.8407407407407408
17.4686 	EXP 	NStoryRating_Response: markerPos = 1.8407407407407408
17.4726 	EXP 	NStoryRating_Response: markerPos = 1.8407407407407408
17.4764 	EXP 	NStoryRating_Response: markerPos = 1.8407407407407408
17.4804 	EXP 	NStoryRating_Response: markerPos = 1.8407407407407408
17.4843 	EXP 	NStoryRating_Response: markerPos = 1.8407407407407408
17.4882 	EXP 	NStoryRating_Response: markerPos = 1.8407407407407408
17.4925 	EXP 	NStoryRating_Response: markerPos = 1.8407407407407408
17.4966 	EXP 	NStoryRating_Response: markerPos = 1.8407407407407408
17.5012 	EXP 	NStoryRating_Response: markerPos = 1.8407407407407408
17.5023 	DATA 	Mouse:  Left button up, pos=(647,116)
17.5057 	EXP 	NStoryRating_Response: markerPos = 2
17.7462 	DATA 	Mouse: Left button down, pos=(811,110)
17.7510 	EXP 	NStoryRating_Response: markerPos = 2.448148148148148
17.7555 	EXP 	NStoryRating_Response: markerPos = 2.448148148148148
17.7598 	EXP 	NStoryRating_Response: markerPos = 2.448148148148148
17.7641 	EXP 	NStoryRating_Response: markerPos = 2.448148148148148
17.7686 	EXP 	NStoryRating_Response: markerPos = 2.448148148148148
17.7728 	EXP 	NStoryRating_Response: markerPos = 2.448148148148148
17.7768 	EXP 	NStoryRating_Response: markerPos = 2.448148148148148
17.7813 	EXP 	NStoryRating_Response: markerPos = 2.448148148148148
17.7856 	EXP 	NStoryRating_Response: markerPos = 2.448148148148148
17.7898 	EXP 	NStoryRating_Response: markerPos = 2.448148148148148
17.7938 	EXP 	NStoryRating_Response: markerPos = 2.448148148148148
17.7979 	EXP 	NStoryRating_Response: markerPos = 2.448148148148148
17.8020 	EXP 	NStoryRating_Response: markerPos = 2.448148148148148
17.8061 	EXP 	NStoryRating_Response: markerPos = 2.448148148148148
17.8103 	EXP 	NStoryRating_Response: markerPos = 2.448148148148148
17.8149 	EXP 	NStoryRating_Response: markerPos = 2.448148148148148
17.8193 	EXP 	NStoryRating_Response: markerPos = 2.448148148148148
17.8234 	EXP 	NStoryRating_Response: markerPos = 2.448148148148148
17.8276 	EXP 	NStoryRating_Response: markerPos = 2.448148148148148
17.8319 	EXP 	NStoryRating_Response: markerPos = 2.448148148148148
17.8359 	EXP 	NStoryRating_Response: markerPos = 2.448148148148148
17.8401 	EXP 	NStoryRating_Response: markerPos = 2.448148148148148
17.8444 	EXP 	NStoryRating_Response: markerPos = 2.448148148148148
17.8485 	EXP 	NStoryRating_Response: markerPos = 2.448148148148148
17.8527 	EXP 	NStoryRating_Response: markerPos = 2.448148148148148
17.8568 	EXP 	NStoryRating_Response: markerPos = 2.448148148148148
17.8612 	EXP 	NStoryRating_Response: markerPos = 2.448148148148148
17.8648 	DATA 	Mouse:  Left button up, pos=(811,111)
17.8655 	EXP 	NStoryRating_Response: markerPos = 2.448148148148148
17.8696 	EXP 	NStoryRating_Response: markerPos = 2
17.9797 	DATA 	Mouse: Left button down, pos=(881,102)
17.9841 	EXP 	NStoryRating_Response: markerPos = 2.7074074074074073
17.9884 	EXP 	NStoryRating_Response: markerPos = 2.7074074074074073
17.9927 	EXP 	NStoryRating_Response: markerPos = 2.7074074074074073
17.9967 	EXP 	NStoryRating_Response: markerPos = 2.7074074074074073
18.0010 	EXP 	NStoryRating_Response: markerPos = 2.7074074074074073
18.0054 	EXP 	NStoryRating_Response: markerPos = 2.7074074074074073
18.0096 	EXP 	NStoryRating_Response: markerPos = 2.7074074074074073
18.0141 	EXP 	NStoryRating_Response: markerPos = 2.7074074074074073
18.0187 	EXP 	NStoryRating_Response: markerPos = 2.7074074074074073
18.0234 	EXP 	NStoryRating_Response: markerPos = 2.7074074074074073
18.0275 	EXP 	NStoryRating_Response: markerPos = 2.7074074074074073
18.0317 	EXP 	NStoryRating_Response: markerPos = 2.7074074074074073
18.0358 	EXP 	NStoryRating_Response: markerPos = 2.7074074074074073
18.0401 	EXP 	NStoryRating_Response: markerPos = 2.7074074074074073
18.0443 	EXP 	NStoryRating_Response: markerPos = 2.7074074074074073
18.0484 	EXP 	NStoryRating_Response: markerPos = 2.7074074074074073
18.0527 	EXP 	NStoryRating_Response: markerPos = 2.7074074074074073
18.0568 	EXP 	NStoryRating_Response: markerPos = 2.7074074074074073
18.0609 	EXP 	NStoryRating_Response: markerPos = 2.7074074074074073
18.0650 	EXP 	NStoryRating_Response: markerPos = 2.7074074074074073
18.0690 	EXP 	NStoryRating_Response: markerPos = 2.7074074074074073
18.0733 	EXP 	NStoryRating_Response: markerPos = 2.7074074074074073
18.0773 	EXP 	NStoryRating_Response: markerPos = 2.7074074074074073
18.0817 	EXP 	NStoryRating_Response: markerPos = 2.7074074074074073
18.0821 	DATA 	Mouse:  Left button up, pos=(881,102)
18.0860 	EXP 	NStoryRating_Response: markerPos = 3
18.3267 	DATA 	Mouse: Left button down, pos=(1090,106)
18.3310 	EXP 	NStoryRating_Response: markerPos = 3.4814814814814814
18.3355 	EXP 	NStoryRating_Response: markerPos = 3.4814814814814814
18.3400 	EXP 	NStoryRating_Response: markerPos = 3.4814814814814814
18.3443 	EXP 	NStoryRating_Response: markerPos = 3.4814814814814814
18.3485 	EXP 	NStoryRating_Response: markerPos = 3.4814814814814814
18.3530 	EXP 	NStoryRating_Response: markerPos = 3.4814814814814814
18.3571 	EXP 	NStoryRating_Response: markerPos = 3.4814814814814814
18.3614 	EXP 	NStoryRating_Response: markerPos = 3.4814814814814814
18.3655 	EXP 	NStoryRating_Response: markerPos = 3.4814814814814814
18.3698 	EXP 	NStoryRating_Response: markerPos = 3.4814814814814814
18.3739 	EXP 	NStoryRating_Response: markerPos = 3.4814814814814814
18.3783 	EXP 	NStoryRating_Response: markerPos = 3.4814814814814814
18.3828 	EXP 	NStoryRating_Response: markerPos = 3.4814814814814814
18.3871 	EXP 	NStoryRating_Response: markerPos = 3.4814814814814814
18.3915 	EXP 	NStoryRating_Response: markerPos = 3.4814814814814814
18.3955 	EXP 	NStoryRating_Response: markerPos = 3.4814814814814814
18.3998 	EXP 	NStoryRating_Response: markerPos = 3.4814814814814814
18.4039 	EXP 	NStoryRating_Response: markerPos = 3.4814814814814814
18.4079 	EXP 	NStoryRating_Response: markerPos = 3.4814814814814814
18.4122 	EXP 	NStoryRating_Response: markerPos = 3.4814814814814814
18.4164 	EXP 	NStoryRating_Response: markerPos = 3.4814814814814814
18.4206 	EXP 	NStoryRating_Response: markerPos = 3.4814814814814814
18.4247 	EXP 	NStoryRating_Response: markerPos = 3.4814814814814814
18.4288 	EXP 	NStoryRating_Response: markerPos = 3.4814814814814814
18.4330 	EXP 	NStoryRating_Response: markerPos = 3.4814814814814814
18.4371 	EXP 	NStoryRating_Response: markerPos = 3.4814814814814814
18.4415 	EXP 	NStoryRating_Response: markerPos = 3.4814814814814814
18.4427 	DATA 	Mouse:  Left button up, pos=(1090,106)
18.4461 	EXP 	NStoryRating_Response: markerPos = 3
18.6010 	DATA 	Mouse: Left button down, pos=(1184,108)
18.6058 	EXP 	NStoryRating_Response: markerPos = 3.8296296296296295
18.6099 	EXP 	NStoryRating_Response: markerPos = 3.8296296296296295
18.6145 	EXP 	NStoryRating_Response: markerPos = 3.8296296296296295
18.6186 	EXP 	NStoryRating_Response: markerPos = 3.8296296296296295
18.6232 	EXP 	NStoryRating_Response: markerPos = 3.8296296296296295
18.6273 	EXP 	NStoryRating_Response: markerPos = 3.8296296296296295
18.6318 	EXP 	NStoryRating_Response: markerPos = 3.8296296296296295
18.6360 	EXP 	NStoryRating_Response: markerPos = 3.8296296296296295
18.6402 	EXP 	NStoryRating_Response: markerPos = 3.8296296296296295
18.6444 	EXP 	NStoryRating_Response: markerPos = 3.8296296296296295
18.6489 	EXP 	NStoryRating_Response: markerPos = 3.8296296296296295
18.6531 	EXP 	NStoryRating_Response: markerPos = 3.8296296296296295
18.6572 	EXP 	NStoryRating_Response: markerPos = 3.8296296296296295
18.6616 	EXP 	NStoryRating_Response: markerPos = 3.8296296296296295
18.6660 	EXP 	NStoryRating_Response: markerPos = 3.8296296296296295
18.6703 	EXP 	NStoryRating_Response: markerPos = 3.8296296296296295
18.6748 	EXP 	NStoryRating_Response: markerPos = 3.8296296296296295
18.6787 	DATA 	Mouse:  Left button up, pos=(1184,108)
18.6795 	EXP 	NStoryRating_Response: markerPos = 3.8296296296296295
18.6839 	EXP 	NStoryRating_Response: markerPos = 4
18.9061 	DATA 	Mouse: Left button down, pos=(1274,116)
18.9113 	EXP 	NStoryRating_Response: markerPos = 4.162962962962963
18.9155 	EXP 	NStoryRating_Response: markerPos = 4.162962962962963
18.9197 	EXP 	NStoryRating_Response: markerPos = 4.162962962962963
18.9240 	EXP 	NStoryRating_Response: markerPos = 4.162962962962963
18.9280 	EXP 	NStoryRating_Response: markerPos = 4.162962962962963
18.9322 	EXP 	NStoryRating_Response: markerPos = 4.162962962962963
18.9362 	EXP 	NStoryRating_Response: markerPos = 4.162962962962963
18.9404 	EXP 	NStoryRating_Response: markerPos = 4.162962962962963
18.9447 	EXP 	NStoryRating_Response: markerPos = 4.162962962962963
18.9486 	EXP 	NStoryRating_Response: markerPos = 4.162962962962963
18.9532 	EXP 	NStoryRating_Response: markerPos = 4.162962962962963
18.9574 	EXP 	NStoryRating_Response: markerPos = 4.162962962962963
18.9618 	EXP 	NStoryRating_Response: markerPos = 4.162962962962963
18.9660 	EXP 	NStoryRating_Response: markerPos = 4.162962962962963
18.9701 	EXP 	NStoryRating_Response: markerPos = 4.162962962962963
18.9745 	EXP 	NStoryRating_Response: markerPos = 4.162962962962963
18.9785 	EXP 	NStoryRating_Response: markerPos = 4.162962962962963
18.9830 	EXP 	NStoryRating_Response: markerPos = 4.162962962962963
18.9872 	EXP 	NStoryRating_Response: markerPos = 4.162962962962963
18.9913 	EXP 	NStoryRating_Response: markerPos = 4.162962962962963
18.9952 	EXP 	NStoryRating_Response: markerPos = 4.162962962962963
18.9992 	EXP 	NStoryRating_Response: markerPos = 4.162962962962963
19.0035 	EXP 	NStoryRating_Response: markerPos = 4.162962962962963
19.0074 	EXP 	NStoryRating_Response: markerPos = 4.162962962962963
19.0116 	EXP 	NStoryRating_Response: markerPos = 4.162962962962963
19.0164 	EXP 	NStoryRating_Response: markerPos = 4.162962962962963
19.0207 	EXP 	NStoryRating_Response: markerPos = 4.162962962962963
19.0252 	EXP 	NStoryRating_Response: markerPos = 4.162962962962963
19.0294 	EXP 	NStoryRating_Response: markerPos = 4.162962962962963
19.0337 	EXP 	NStoryRating_Response: markerPos = 4.162962962962963
19.0380 	EXP 	NStoryRating_Response: markerPos = 4.162962962962963
19.0423 	DATA 	Mouse:  Left button up, pos=(1274,116)
19.0429 	EXP 	NStoryRating_Response: markerPos = 4.162962962962963
19.0469 	EXP 	NStoryRating_Response: markerPos = 4
19.2512 	DATA 	Mouse: Left button down, pos=(1049,107)
19.2561 	EXP 	NStoryRating_Response: markerPos = 3.3296296296296295
19.2604 	EXP 	NStoryRating_Response: markerPos = 3.3296296296296295
19.2644 	EXP 	NStoryRating_Response: markerPos = 3.3296296296296295
19.2685 	EXP 	NStoryRating_Response: markerPos = 3.3296296296296295
19.2726 	EXP 	NStoryRating_Response: markerPos = 3.3296296296296295
19.2764 	EXP 	NStoryRating_Response: markerPos = 3.3296296296296295
19.2809 	EXP 	NStoryRating_Response: markerPos = 3.3296296296296295
19.2851 	EXP 	NStoryRating_Response: markerPos = 3.3296296296296295
19.2894 	EXP 	NStoryRating_Response: markerPos = 3.3296296296296295
19.2935 	EXP 	NStoryRating_Response: markerPos = 3.3296296296296295
19.2977 	EXP 	NStoryRating_Response: markerPos = 3.3296296296296295
19.3020 	EXP 	NStoryRating_Response: markerPos = 3.3296296296296295
19.3060 	EXP 	NStoryRating_Response: markerPos = 3.3296296296296295
19.3101 	EXP 	NStoryRating_Response: markerPos = 3.3296296296296295
19.3143 	EXP 	NStoryRating_Response: markerPos = 3.3296296296296295
19.3187 	EXP 	NStoryRating_Response: markerPos = 3.3296296296296295
19.3228 	EXP 	NStoryRating_Response: markerPos = 3.3296296296296295
19.3270 	EXP 	NStoryRating_Response: markerPos = 3.3296296296296295
19.3314 	EXP 	NStoryRating_Response: markerPos = 3.3296296296296295
19.3358 	EXP 	NStoryRating_Response: markerPos = 3.3296296296296295
19.3397 	DATA 	Mouse:  Left button up, pos=(1049,107)
19.3403 	EXP 	NStoryRating_Response: markerPos = 3.3296296296296295
19.3448 	EXP 	NStoryRating_Response: markerPos = 3
19.7072 	DATA 	Mouse: Left button down, pos=(807,104)
19.7113 	EXP 	NStoryRating_Response: markerPos = 2.4333333333333336
19.7155 	EXP 	NStoryRating_Response: markerPos = 2.4333333333333336
19.7199 	EXP 	NStoryRating_Response: markerPos = 2.4296296296296296
19.7240 	EXP 	NStoryRating_Response: markerPos = 2.4296296296296296
19.7281 	EXP 	NStoryRating_Response: markerPos = 2.4296296296296296
19.7325 	EXP 	NStoryRating_Response: markerPos = 2.4296296296296296
19.7368 	EXP 	NStoryRating_Response: markerPos = 2.4296296296296296
19.7413 	EXP 	NStoryRating_Response: markerPos = 2.4296296296296296
19.7456 	EXP 	NStoryRating_Response: markerPos = 2.4296296296296296
19.7499 	EXP 	NStoryRating_Response: markerPos = 2.4296296296296296
19.7543 	EXP 	NStoryRating_Response: markerPos = 2.4296296296296296
19.7584 	EXP 	NStoryRating_Response: markerPos = 2.4296296296296296
19.7630 	EXP 	NStoryRating_Response: markerPos = 2.4296296296296296
19.7671 	EXP 	NStoryRating_Response: markerPos = 2.4296296296296296
19.7713 	EXP 	NStoryRating_Response: markerPos = 2.4296296296296296
19.7754 	EXP 	NStoryRating_Response: markerPos = 2.4296296296296296
19.7795 	EXP 	NStoryRating_Response: markerPos = 2.4296296296296296
19.7838 	EXP 	NStoryRating_Response: markerPos = 2.4296296296296296
19.7880 	EXP 	NStoryRating_Response: markerPos = 2.4296296296296296
19.7938 	EXP 	NStoryRating_Response: markerPos = 2.4296296296296296
19.7998 	EXP 	NStoryRating_Response: markerPos = 2.4296296296296296
19.8050 	EXP 	NStoryRating_Response: markerPos = 2.4296296296296296
19.8103 	EXP 	NStoryRating_Response: markerPos = 2.4296296296296296
19.8163 	DATA 	Mouse:  Left button up, pos=(806,104)
19.8170 	EXP 	NStoryRating_Response: markerPos = 2.4296296296296296
19.8219 	EXP 	NStoryRating_Response: markerPos = 2
20.0035 	DATA 	Mouse: Left button down, pos=(519,145)
20.0081 	EXP 	NStoryRating_Response: markerPos = 1.3666666666666667
20.0124 	EXP 	NStoryRating_Response: markerPos = 1.3666666666666667
20.0164 	EXP 	NStoryRating_Response: markerPos = 1.3666666666666667
20.0202 	EXP 	NStoryRating_Response: markerPos = 1.3666666666666667
20.0244 	EXP 	NStoryRating_Response: markerPos = 1.3666666666666667
20.0284 	EXP 	NStoryRating_Response: markerPos = 1.3666666666666667
20.0327 	EXP 	NStoryRating_Response: markerPos = 1.3666666666666667
20.0364 	EXP 	NStoryRating_Response: markerPos = 1.3666666666666667
20.0403 	EXP 	NStoryRating_Response: markerPos = 1.3666666666666667
20.0445 	EXP 	NStoryRating_Response: markerPos = 1.3666666666666667
20.0488 	EXP 	NStoryRating_Response: markerPos = 1.3666666666666667
20.0530 	EXP 	NStoryRating_Response: markerPos = 1.3666666666666667
20.0573 	EXP 	NStoryRating_Response: markerPos = 1.3666666666666667
20.0614 	EXP 	NStoryRating_Response: markerPos = 1.3666666666666667
20.0656 	EXP 	NStoryRating_Response: markerPos = 1.3666666666666667
20.0695 	EXP 	NStoryRating_Response: markerPos = 1.3666666666666667
20.0739 	EXP 	NStoryRating_Response: markerPos = 1.3666666666666667
20.0778 	EXP 	NStoryRating_Response: markerPos = 1.3666666666666667
20.0818 	EXP 	NStoryRating_Response: markerPos = 1.3666666666666667
20.0860 	EXP 	NStoryRating_Response: markerPos = 1.3666666666666667
20.0901 	EXP 	NStoryRating_Response: markerPos = 1.3666666666666667
20.0941 	EXP 	NStoryRating_Response: markerPos = 1.3666666666666667
20.0979 	EXP 	NStoryRating_Response: markerPos = 1.3666666666666667
20.1019 	EXP 	NStoryRating_Response: markerPos = 1.3666666666666667
20.1059 	EXP 	NStoryRating_Response: markerPos = 1.3666666666666667
20.1102 	EXP 	NStoryRating_Response: markerPos = 1.3666666666666667
20.1139 	DATA 	Mouse:  Left button up, pos=(519,145)
20.1145 	EXP 	NStoryRating_Response: markerPos = 1.3666666666666667
20.1186 	EXP 	NStoryRating_Response: markerPos = 1
20.4425 	DATA 	Mouse: Left button down, pos=(680,117)
20.4472 	EXP 	NStoryRating_Response: markerPos = 1.962962962962963
20.4517 	EXP 	NStoryRating_Response: markerPos = 1.962962962962963
20.4558 	EXP 	NStoryRating_Response: markerPos = 1.962962962962963
20.4599 	EXP 	NStoryRating_Response: markerPos = 1.962962962962963
20.4640 	EXP 	NStoryRating_Response: markerPos = 1.962962962962963
20.4687 	EXP 	NStoryRating_Response: markerPos = 1.962962962962963
20.4729 	EXP 	NStoryRating_Response: markerPos = 1.962962962962963
20.4771 	EXP 	NStoryRating_Response: markerPos = 1.962962962962963
20.4812 	EXP 	NStoryRating_Response: markerPos = 1.962962962962963
20.4852 	EXP 	NStoryRating_Response: markerPos = 1.962962962962963
20.4891 	EXP 	NStoryRating_Response: markerPos = 1.962962962962963
20.4930 	EXP 	NStoryRating_Response: markerPos = 1.962962962962963
20.4971 	EXP 	NStoryRating_Response: markerPos = 1.962962962962963
20.5016 	EXP 	NStoryRating_Response: markerPos = 1.962962962962963
20.5056 	EXP 	NStoryRating_Response: markerPos = 1.962962962962963
20.5095 	EXP 	NStoryRating_Response: markerPos = 1.962962962962963
20.5136 	EXP 	NStoryRating_Response: markerPos = 1.962962962962963
20.5177 	EXP 	NStoryRating_Response: markerPos = 1.962962962962963
20.5220 	EXP 	NStoryRating_Response: markerPos = 1.962962962962963
20.5264 	EXP 	NStoryRating_Response: markerPos = 1.962962962962963
20.5305 	EXP 	NStoryRating_Response: markerPos = 1.962962962962963
20.5344 	EXP 	NStoryRating_Response: markerPos = 1.962962962962963
20.5385 	EXP 	NStoryRating_Response: markerPos = 1.962962962962963
20.5427 	EXP 	NStoryRating_Response: markerPos = 1.962962962962963
20.5467 	EXP 	NStoryRating_Response: markerPos = 1.962962962962963
20.5509 	EXP 	NStoryRating_Response: markerPos = 1.962962962962963
20.5554 	EXP 	NStoryRating_Response: markerPos = 1.962962962962963
20.5593 	EXP 	NStoryRating_Response: markerPos = 1.962962962962963
20.5597 	DATA 	Mouse:  Left button up, pos=(680,117)
20.5637 	EXP 	NStoryRating_Response: markerPos = 2
20.7340 	DATA 	Mouse: Left button down, pos=(845,117)
20.7391 	EXP 	NStoryRating_Response: markerPos = 2.574074074074074
20.7437 	EXP 	NStoryRating_Response: markerPos = 2.574074074074074
20.7479 	EXP 	NStoryRating_Response: markerPos = 2.574074074074074
20.7530 	EXP 	NStoryRating_Response: markerPos = 2.574074074074074
20.7572 	EXP 	NStoryRating_Response: markerPos = 2.574074074074074
20.7614 	EXP 	NStoryRating_Response: markerPos = 2.574074074074074
20.7656 	EXP 	NStoryRating_Response: markerPos = 2.574074074074074
20.7695 	EXP 	NStoryRating_Response: markerPos = 2.574074074074074
20.7739 	EXP 	NStoryRating_Response: markerPos = 2.574074074074074
20.7780 	EXP 	NStoryRating_Response: markerPos = 2.574074074074074
20.7824 	EXP 	NStoryRating_Response: markerPos = 2.574074074074074
20.7868 	EXP 	NStoryRating_Response: markerPos = 2.574074074074074
20.7913 	EXP 	NStoryRating_Response: markerPos = 2.574074074074074
20.7953 	EXP 	NStoryRating_Response: markerPos = 2.574074074074074
20.7994 	EXP 	NStoryRating_Response: markerPos = 2.574074074074074
20.8034 	EXP 	NStoryRating_Response: markerPos = 2.574074074074074
20.8075 	EXP 	NStoryRating_Response: markerPos = 2.574074074074074
20.8115 	EXP 	NStoryRating_Response: markerPos = 2.574074074074074
20.8158 	EXP 	NStoryRating_Response: markerPos = 2.574074074074074
20.8211 	EXP 	NStoryRating_Response: markerPos = 2.574074074074074
20.8252 	EXP 	NStoryRating_Response: markerPos = 2.574074074074074
20.8292 	EXP 	NStoryRating_Response: markerPos = 2.574074074074074
20.8330 	EXP 	NStoryRating_Response: markerPos = 2.574074074074074
20.8367 	DATA 	Mouse:  Left button up, pos=(845,117)
20.8372 	EXP 	NStoryRating_Response: markerPos = 2.574074074074074
20.8415 	EXP 	NStoryRating_Response: markerPos = 3
21.0615 	DATA 	Mouse: Left button down, pos=(1111,98)
21.0665 	EXP 	NStoryRating_Response: markerPos = 3.5592592592592593
21.0706 	EXP 	NStoryRating_Response: markerPos = 3.5592592592592593
21.0746 	EXP 	NStoryRating_Response: markerPos = 3.5592592592592593
21.0785 	EXP 	NStoryRating_Response: markerPos = 3.5592592592592593
21.0826 	EXP 	NStoryRating_Response: markerPos = 3.5592592592592593
21.0869 	EXP 	NStoryRating_Response: markerPos = 3.5592592592592593
21.0908 	EXP 	NStoryRating_Response: markerPos = 3.5592592592592593
21.0949 	EXP 	NStoryRating_Response: markerPos = 3.5592592592592593
21.0986 	EXP 	NStoryRating_Response: markerPos = 3.5592592592592593
21.1028 	EXP 	NStoryRating_Response: markerPos = 3.5592592592592593
21.1067 	EXP 	NStoryRating_Response: markerPos = 3.5592592592592593
21.1106 	EXP 	NStoryRating_Response: markerPos = 3.5592592592592593
21.1143 	EXP 	NStoryRating_Response: markerPos = 3.5592592592592593
21.1185 	EXP 	NStoryRating_Response: markerPos = 3.5592592592592593
21.1226 	EXP 	NStoryRating_Response: markerPos = 3.5592592592592593
21.1265 	EXP 	NStoryRating_Response: markerPos = 3.5592592592592593
21.1306 	EXP 	NStoryRating_Response: markerPos = 3.5592592592592593
21.1346 	EXP 	NStoryRating_Response: markerPos = 3.5592592592592593
21.1384 	EXP 	NStoryRating_Response: markerPos = 3.5592592592592593
21.1426 	EXP 	NStoryRating_Response: markerPos = 3.5592592592592593
21.1465 	EXP 	NStoryRating_Response: markerPos = 3.5592592592592593
21.1513 	EXP 	NStoryRating_Response: markerPos = 3.5592592592592593
21.1558 	EXP 	NStoryRating_Response: markerPos = 3.5592592592592593
21.1601 	EXP 	NStoryRating_Response: markerPos = 3.5592592592592593
21.1647 	EXP 	NStoryRating_Response: markerPos = 3.5592592592592593
21.1691 	EXP 	NStoryRating_Response: markerPos = 3.5592592592592593
21.1736 	EXP 	NStoryRating_Response: markerPos = 3.5592592592592593
21.1780 	EXP 	NStoryRating_Response: markerPos = 3.5592592592592593
21.1823 	DATA 	Mouse:  Left button up, pos=(1111,98)
21.1834 	EXP 	NStoryRating_Response: markerPos = 3.5592592592592593
21.1880 	EXP 	NStoryRating_Response: markerPos = 4
21.3294 	DATA 	Mouse: Left button down, pos=(1257,116)
21.3334 	EXP 	NStoryRating_Response: markerPos = 4.1
21.3372 	EXP 	NStoryRating_Response: markerPos = 4.1
21.3411 	EXP 	NStoryRating_Response: markerPos = 4.1
21.3450 	EXP 	NStoryRating_Response: markerPos = 4.1
21.3489 	EXP 	NStoryRating_Response: markerPos = 4.1
21.3536 	EXP 	NStoryRating_Response: markerPos = 4.1
21.3579 	EXP 	NStoryRating_Response: markerPos = 4.1
21.3617 	EXP 	NStoryRating_Response: markerPos = 4.1
21.3658 	EXP 	NStoryRating_Response: markerPos = 4.1
21.3696 	EXP 	NStoryRating_Response: markerPos = 4.1
21.3735 	EXP 	NStoryRating_Response: markerPos = 4.1
21.3777 	EXP 	NStoryRating_Response: markerPos = 4.1
21.3821 	EXP 	NStoryRating_Response: markerPos = 4.1
21.3863 	EXP 	NStoryRating_Response: markerPos = 4.1
21.3906 	EXP 	NStoryRating_Response: markerPos = 4.1
21.3948 	EXP 	NStoryRating_Response: markerPos = 4.1
21.3988 	EXP 	NStoryRating_Response: markerPos = 4.1
21.4027 	EXP 	NStoryRating_Response: markerPos = 4.1
21.4065 	EXP 	NStoryRating_Response: markerPos = 4.1
21.4105 	EXP 	NStoryRating_Response: markerPos = 4.1
21.4145 	EXP 	NStoryRating_Response: markerPos = 4.1
21.4189 	EXP 	NStoryRating_Response: markerPos = 4.1
21.4229 	EXP 	NStoryRating_Response: markerPos = 4.1
21.4269 	EXP 	NStoryRating_Response: markerPos = 4.1
21.4309 	EXP 	NStoryRating_Response: markerPos = 4.1
21.4350 	EXP 	NStoryRating_Response: markerPos = 4.1
21.4390 	EXP 	NStoryRating_Response: markerPos = 4.1
21.4399 	DATA 	Mouse:  Left button up, pos=(1260,118)
21.4431 	EXP 	NStoryRating_Response: markerPos = 4
21.7134 	DATA 	Mouse: Left button down, pos=(1324,137)
21.7170 	EXP 	NStoryRating_Response: markerPos = 4.348148148148148
21.7215 	EXP 	NStoryRating_Response: markerPos = 4.348148148148148
21.7258 	EXP 	NStoryRating_Response: markerPos = 4.348148148148148
21.7300 	EXP 	NStoryRating_Response: markerPos = 4.348148148148148
21.7339 	EXP 	NStoryRating_Response: markerPos = 4.348148148148148
21.7381 	EXP 	NStoryRating_Response: markerPos = 4.348148148148148
21.7422 	EXP 	NStoryRating_Response: markerPos = 4.348148148148148
21.7464 	EXP 	NStoryRating_Response: markerPos = 4.348148148148148
21.7506 	EXP 	NStoryRating_Response: markerPos = 4.348148148148148
21.7550 	EXP 	NStoryRating_Response: markerPos = 4.348148148148148
21.7588 	EXP 	NStoryRating_Response: markerPos = 4.348148148148148
21.7629 	EXP 	NStoryRating_Response: markerPos = 4.348148148148148
21.7666 	EXP 	NStoryRating_Response: markerPos = 4.348148148148148
21.7706 	EXP 	NStoryRating_Response: markerPos = 4.348148148148148
21.7745 	EXP 	NStoryRating_Response: markerPos = 4.348148148148148
21.7784 	EXP 	NStoryRating_Response: markerPos = 4.348148148148148
21.7825 	EXP 	NStoryRating_Response: markerPos = 4.348148148148148
21.7867 	EXP 	NStoryRating_Response: markerPos = 4.348148148148148
21.7909 	EXP 	NStoryRating_Response: markerPos = 4.348148148148148
21.7948 	EXP 	NStoryRating_Response: markerPos = 4.348148148148148
21.7990 	EXP 	NStoryRating_Response: markerPos = 4.348148148148148
21.8030 	EXP 	NStoryRating_Response: markerPos = 4.348148148148148
21.8071 	EXP 	NStoryRating_Response: markerPos = 4.348148148148148
21.8107 	EXP 	NStoryRating_Response: markerPos = 4.348148148148148
21.8145 	EXP 	NStoryRating_Response: markerPos = 4.348148148148148
21.8186 	EXP 	NStoryRating_Response: markerPos = 4.348148148148148
21.8229 	EXP 	NStoryRating_Response: markerPos = 4.348148148148148
21.8270 	EXP 	NStoryRating_Response: markerPos = 4.348148148148148
21.8311 	EXP 	NStoryRating_Response: markerPos = 4.348148148148148
21.8351 	EXP 	NStoryRating_Response: markerPos = 4.348148148148148
21.8386 	DATA 	Mouse:  Left button up, pos=(1324,137)
21.8390 	EXP 	NStoryRating_Response: markerPos = 4.348148148148148
21.8430 	EXP 	NStoryRating_Response: markerPos = 4
23.3378 	DATA 	Mouse: Left button down, pos=(976,110)
23.3422 	EXP 	NStoryRating_Response: markerPos = 3.0592592592592593
23.3464 	EXP 	NStoryRating_Response: markerPos = 3.0592592592592593
23.3505 	EXP 	NStoryRating_Response: markerPos = 3.0555555555555554
23.3552 	EXP 	NStoryRating_Response: markerPos = 3.0555555555555554
23.3593 	EXP 	NStoryRating_Response: markerPos = 3.0555555555555554
23.3633 	EXP 	NStoryRating_Response: markerPos = 3.0555555555555554
23.3674 	EXP 	NStoryRating_Response: markerPos = 3.0555555555555554
23.3713 	EXP 	NStoryRating_Response: markerPos = 3.0555555555555554
23.3752 	EXP 	NStoryRating_Response: markerPos = 3.0555555555555554
23.3790 	EXP 	NStoryRating_Response: markerPos = 3.0555555555555554
23.3832 	EXP 	NStoryRating_Response: markerPos = 3.0555555555555554
23.3873 	EXP 	NStoryRating_Response: markerPos = 3.0555555555555554
23.3915 	EXP 	NStoryRating_Response: markerPos = 3.0555555555555554
23.3959 	EXP 	NStoryRating_Response: markerPos = 3.0555555555555554
23.4001 	EXP 	NStoryRating_Response: markerPos = 3.0555555555555554
23.4042 	EXP 	NStoryRating_Response: markerPos = 3.0555555555555554
23.4082 	EXP 	NStoryRating_Response: markerPos = 3.0555555555555554
23.4123 	EXP 	NStoryRating_Response: markerPos = 3.0555555555555554
23.4164 	EXP 	NStoryRating_Response: markerPos = 3.0555555555555554
23.4208 	EXP 	NStoryRating_Response: markerPos = 3.0555555555555554
23.4252 	EXP 	NStoryRating_Response: markerPos = 3.0555555555555554
23.4291 	EXP 	NStoryRating_Response: markerPos = 3.0555555555555554
23.4334 	EXP 	NStoryRating_Response: markerPos = 3.0555555555555554
23.4373 	EXP 	NStoryRating_Response: markerPos = 3.0555555555555554
23.4384 	DATA 	Mouse:  Left button up, pos=(975,109)
23.4419 	EXP 	NStoryRating_Response: markerPos = 3
23.6433 	DATA 	Mouse: Left button down, pos=(802,101)
23.6476 	EXP 	NStoryRating_Response: markerPos = 2.414814814814815
23.6522 	EXP 	NStoryRating_Response: markerPos = 2.414814814814815
23.6567 	EXP 	NStoryRating_Response: markerPos = 2.411111111111111
23.6609 	EXP 	NStoryRating_Response: markerPos = 2.411111111111111
23.6649 	EXP 	NStoryRating_Response: markerPos = 2.411111111111111
23.6689 	EXP 	NStoryRating_Response: markerPos = 2.411111111111111
23.6729 	EXP 	NStoryRating_Response: markerPos = 2.411111111111111
23.6769 	EXP 	NStoryRating_Response: markerPos = 2.411111111111111
23.6812 	EXP 	NStoryRating_Response: markerPos = 2.411111111111111
23.6850 	EXP 	NStoryRating_Response: markerPos = 2.411111111111111
23.6893 	EXP 	NStoryRating_Response: markerPos = 2.411111111111111
23.6933 	EXP 	NStoryRating_Response: markerPos = 2.411111111111111
23.6972 	EXP 	NStoryRating_Response: markerPos = 2.411111111111111
23.7013 	EXP 	NStoryRating_Response: markerPos = 2.411111111111111
23.7056 	EXP 	NStoryRating_Response: markerPos = 2.411111111111111
23.7095 	EXP 	NStoryRating_Response: markerPos = 2.411111111111111
23.7134 	EXP 	NStoryRating_Response: markerPos = 2.411111111111111
23.7175 	EXP 	NStoryRating_Response: markerPos = 2.411111111111111
23.7216 	EXP 	NStoryRating_Response: markerPos = 2.411111111111111
23.7260 	EXP 	NStoryRating_Response: markerPos = 2.411111111111111
23.7307 	EXP 	NStoryRating_Response: markerPos = 2.411111111111111
23.7347 	EXP 	NStoryRating_Response: markerPos = 2.411111111111111
23.7388 	EXP 	NStoryRating_Response: markerPos = 2.411111111111111
23.7428 	EXP 	NStoryRating_Response: markerPos = 2.411111111111111
23.7433 	DATA 	Mouse:  Left button up, pos=(801,101)
23.7472 	EXP 	NStoryRating_Response: markerPos = 2
23.9813 	DATA 	Mouse: Left button down, pos=(538,114)
23.9860 	EXP 	NStoryRating_Response: markerPos = 1.4370370370370371
23.9904 	EXP 	NStoryRating_Response: markerPos = 1.4370370370370371
23.9947 	EXP 	NStoryRating_Response: markerPos = 1.4333333333333333
23.9986 	EXP 	NStoryRating_Response: markerPos = 1.4333333333333333
24.0027 	EXP 	NStoryRating_Response: markerPos = 1.4333333333333333
24.0067 	EXP 	NStoryRating_Response: markerPos = 1.4333333333333333
24.0109 	EXP 	NStoryRating_Response: markerPos = 1.4333333333333333
24.0149 	EXP 	NStoryRating_Response: markerPos = 1.4333333333333333
24.0188 	EXP 	NStoryRating_Response: markerPos = 1.4333333333333333
24.0231 	EXP 	NStoryRating_Response: markerPos = 1.4333333333333333
24.0273 	EXP 	NStoryRating_Response: markerPos = 1.4333333333333333
24.0315 	EXP 	NStoryRating_Response: markerPos = 1.4333333333333333
24.0357 	EXP 	NStoryRating_Response: markerPos = 1.4333333333333333
24.0399 	EXP 	NStoryRating_Response: markerPos = 1.4333333333333333
24.0443 	EXP 	NStoryRating_Response: markerPos = 1.4333333333333333
24.0482 	EXP 	NStoryRating_Response: markerPos = 1.4333333333333333
24.0523 	EXP 	NStoryRating_Response: markerPos = 1.4333333333333333
24.0571 	EXP 	NStoryRating_Response: markerPos = 1.4333333333333333
24.0611 	EXP 	NStoryRating_Response: markerPos = 1.4333333333333333
24.0651 	EXP 	NStoryRating_Response: markerPos = 1.4333333333333333
24.0690 	EXP 	NStoryRating_Response: markerPos = 1.4333333333333333
24.0733 	EXP 	NStoryRating_Response: markerPos = 1.4333333333333333
24.0771 	EXP 	NStoryRating_Response: markerPos = 1.4333333333333333
24.0810 	EXP 	NStoryRating_Response: markerPos = 1.4333333333333333
24.0850 	EXP 	NStoryRating_Response: markerPos = 1.4333333333333333
24.0896 	EXP 	NStoryRating_Response: markerPos = 1.4333333333333333
24.0907 	DATA 	Mouse:  Left button up, pos=(537,113)
24.0941 	EXP 	NStoryRating_Response: markerPos = 1
24.3191 	DATA 	Mouse: Left button down, pos=(1072,109)
24.3233 	EXP 	NStoryRating_Response: markerPos = 3.414814814814815
24.3278 	EXP 	NStoryRating_Response: markerPos = 3.414814814814815
24.3320 	EXP 	NStoryRating_Response: markerPos = 3.4185185185185185
24.3363 	EXP 	NStoryRating_Response: markerPos = 3.4185185185185185
24.3406 	EXP 	NStoryRating_Response: markerPos = 3.4185185185185185
24.3450 	EXP 	NStoryRating_Response: markerPos = 3.4185185185185185
24.3495 	EXP 	NStoryRating_Response: markerPos = 3.4185185185185185
24.3542 	EXP 	NStoryRating_Response: markerPos = 3.4185185185185185
24.3586 	EXP 	NStoryRating_Response: markerPos = 3.4185185185185185
24.3631 	EXP 	NStoryRating_Response: markerPos = 3.4185185185185185
24.3676 	EXP 	NStoryRating_Response: markerPos = 3.4185185185185185
24.3721 	EXP 	NStoryRating_Response: markerPos = 3.4185185185185185
24.3763 	EXP 	NStoryRating_Response: markerPos = 3.4185185185185185
24.3807 	EXP 	NStoryRating_Response: markerPos = 3.4185185185185185
24.3851 	EXP 	NStoryRating_Response: markerPos = 3.4185185185185185
24.3894 	EXP 	NStoryRating_Response: markerPos = 3.4185185185185185
24.3935 	EXP 	NStoryRating_Response: markerPos = 3.4185185185185185
24.3978 	EXP 	NStoryRating_Response: markerPos = 3.4185185185185185
24.4020 	EXP 	NStoryRating_Response: markerPos = 3.4185185185185185
24.4062 	EXP 	NStoryRating_Response: markerPos = 3.4185185185185185
24.4103 	EXP 	NStoryRating_Response: markerPos = 3.4185185185185185
24.4143 	EXP 	NStoryRating_Response: markerPos = 3.4185185185185185
24.4183 	EXP 	NStoryRating_Response: markerPos = 3.4185185185185185
24.4225 	EXP 	NStoryRating_Response: markerPos = 3.4185185185185185
24.4266 	EXP 	NStoryRating_Response: markerPos = 3.4185185185185185
24.4305 	DATA 	Mouse:  Left button up, pos=(1073,108)
24.4310 	EXP 	NStoryRating_Response: markerPos = 3.4185185185185185
24.4352 	EXP 	NStoryRating_Response: markerPos = 3
24.7960 	DATA 	Mouse: Left button down, pos=(1582,112)
24.8021 	EXP 	NStoryRating_Text: autoDraw = False
24.8021 	EXP 	NStoryRating_Response: autoDraw = False
24.8021 	EXP 	NTrial_RatingResponse: markerPos = None
24.8021 	EXP 	NTrial_RatingResponse: markerPos = None
24.8021 	EXP 	NTrial_NSB: autoDraw = True
24.9139 	DATA 	Mouse:  Left button up, pos=(1582,112)
25.4940 	DATA 	Mouse: Left button down, pos=(1143,370)
25.6267 	DATA 	Mouse:  Left button up, pos=(1143,370)
27.7986 	EXP 	NTrial_Cue: autoDraw = True
39.7997 	EXP 	NTrial_Cue: autoDraw = False
39.7997 	EXP 	NTrial_RatingText: autoDraw = True
39.7997 	EXP 	NTrial_RatingResponse: autoDraw = True
39.8013 	EXP 	NTrial_NSB: autoDraw = False
40.5791 	DATA 	Mouse: Left button down, pos=(529,210)
40.6500 	DATA 	Mouse:  Left button up, pos=(548,175)
40.7596 	DATA 	Mouse: Left button down, pos=(636,93)
40.7630 	EXP 	NTrial_RatingResponse: markerPos = 1.8
40.7667 	EXP 	NTrial_RatingResponse: markerPos = 1.8
40.7699 	EXP 	NTrial_RatingResponse: markerPos = 1.8
40.7731 	EXP 	NTrial_RatingResponse: markerPos = 1.8
40.7764 	EXP 	NTrial_RatingResponse: markerPos = 1.8
40.7798 	EXP 	NTrial_RatingResponse: markerPos = 1.8
40.7832 	EXP 	NTrial_RatingResponse: markerPos = 1.8
40.7863 	EXP 	NTrial_RatingResponse: markerPos = 1.8
40.7897 	EXP 	NTrial_RatingResponse: markerPos = 1.8
40.7932 	EXP 	NTrial_RatingResponse: markerPos = 1.8
40.7965 	EXP 	NTrial_RatingResponse: markerPos = 1.8
40.7999 	EXP 	NTrial_RatingResponse: markerPos = 1.8
40.8036 	EXP 	NTrial_RatingResponse: markerPos = 1.8
40.8071 	EXP 	NTrial_RatingResponse: markerPos = 1.8
40.8104 	EXP 	NTrial_RatingResponse: markerPos = 1.8
40.8136 	EXP 	NTrial_RatingResponse: markerPos = 1.8
40.8169 	EXP 	NTrial_RatingResponse: markerPos = 1.8
40.8202 	EXP 	NTrial_RatingResponse: markerPos = 1.8
40.8237 	EXP 	NTrial_RatingResponse: markerPos = 1.8
40.8271 	EXP 	NTrial_RatingResponse: markerPos = 1.8
40.8303 	EXP 	NTrial_RatingResponse: markerPos = 1.8
40.8339 	EXP 	NTrial_RatingResponse: markerPos = 1.8
40.8370 	DATA 	Mouse:  Left button up, pos=(636,93)
40.8375 	EXP 	NTrial_RatingResponse: markerPos = 1.8
40.8407 	EXP 	NTrial_RatingResponse: markerPos = 2
41.0798 	DATA 	Mouse: Left button down, pos=(968,109)
41.0830 	EXP 	NTrial_RatingResponse: markerPos = 3.0296296296296297
41.0868 	EXP 	NTrial_RatingResponse: markerPos = 3.0296296296296297
41.0906 	EXP 	NTrial_RatingResponse: markerPos = 3.0296296296296297
41.0945 	EXP 	NTrial_RatingResponse: markerPos = 3.0296296296296297
41.0985 	EXP 	NTrial_RatingResponse: markerPos = 3.0296296296296297
41.1028 	EXP 	NTrial_RatingResponse: markerPos = 3.0296296296296297
41.1066 	EXP 	NTrial_RatingResponse: markerPos = 3.0296296296296297
41.1105 	EXP 	NTrial_RatingResponse: markerPos = 3.0296296296296297
41.1143 	EXP 	NTrial_RatingResponse: markerPos = 3.0296296296296297
41.1185 	EXP 	NTrial_RatingResponse: markerPos = 3.0296296296296297
41.1229 	EXP 	NTrial_RatingResponse: markerPos = 3.0296296296296297
41.1268 	EXP 	NTrial_RatingResponse: markerPos = 3.0296296296296297
41.1306 	EXP 	NTrial_RatingResponse: markerPos = 3.0296296296296297
41.1342 	EXP 	NTrial_RatingResponse: markerPos = 3.0296296296296297
41.1380 	EXP 	NTrial_RatingResponse: markerPos = 3.0296296296296297
41.1418 	EXP 	NTrial_RatingResponse: markerPos = 3.0296296296296297
41.1455 	EXP 	NTrial_RatingResponse: markerPos = 3.0296296296296297
41.1496 	EXP 	NTrial_RatingResponse: markerPos = 3.0296296296296297
41.1539 	EXP 	NTrial_RatingResponse: markerPos = 3.0296296296296297
41.1580 	EXP 	NTrial_RatingResponse: markerPos = 3.0296296296296297
41.1620 	EXP 	NTrial_RatingResponse: markerPos = 3.0296296296296297
41.1660 	EXP 	NTrial_RatingResponse: markerPos = 3.0296296296296297
41.1696 	EXP 	NTrial_RatingResponse: markerPos = 3.0296296296296297
41.1737 	EXP 	NTrial_RatingResponse: markerPos = 3.0296296296296297
41.1773 	DATA 	Mouse:  Left button up, pos=(969,110)
41.1778 	EXP 	NTrial_RatingResponse: markerPos = 3.033333333333333
41.1817 	EXP 	NTrial_RatingResponse: markerPos = 3
41.5670 	DATA 	Mouse: Left button down, pos=(1461,124)
41.5705 	EXP 	NTrial_NSB: autoDraw = False
41.5705 	EXP 	NTrial_Cue: autoDraw = False
41.5705 	EXP 	NTrial_RatingText: autoDraw = False
41.5705 	EXP 	NTrial_RatingResponse: autoDraw = False
41.6168 	EXP 	window1: mouseVisible = True
