20.1325 	EXP 	Created window1 = Window(allowGUI=True, allowStencil=False, autoLog=True, backendConf=UNKNOWN, backgroundFit=<method-wrapper '__getattribute__' of attributeSetter object at 0x000001E167EB29D0>, backgroundImage=<method-wrapper '__getattribute__' of attributeSetter object at 0x000001E167EB2970>, bitsMode=UNKNOWN, blendMode='avg', bpc=(8, 8, 8), color=array([0, 0, 0]), colorSpace='rgb', depthBits=8, fullscr=<method-wrapper '__getattribute__' of attributeSetter object at 0x000001E167EB26A0>, gamma=None, gammaErrorPolicy='raise', lms=UNKNOWN, monitor=<psychopy.monitors.calibTools.Monitor object at 0x000001E16E6CD070>, multiSample=False, name='window1', numSamples=2, pos=(0, 0), screen=0, size=array([1920, 1080]), stencilBits=0, stereo=False, units='height', useFBO=True, useRetina=False, viewOri=0.0, viewPos=None, viewScale=None, waitBlanking=True, winType='pyglet')
20.1326 	EXP 	window1: mouseVisible = True
20.1326 	EXP 	window1: backgroundImage = ''
20.1326 	EXP 	window1: backgroundFit = 'none'
20.1326 	EXP 	window1: mouseVisible = False
20.1326 	EXP 	window1: Attempting to measure frame rate of screen (0) ...
20.1327 	EXP 	window1: recordFrameIntervals = False
20.1599 	EXP 	window1: recordFrameIntervals = True
20.1906 	EXP 	Screen (0) actual frame rate measured at 359.56Hz
20.1906 	EXP 	window1: recordFrameIntervals = False
21.7048 	EXP 	Created GetReadyTimed_Text = TextStim(__class__=<class 'psychopy.visual.text.TextStim'>, alignHoriz=method-wrapper(...), alignText='center', alignVert=method-wrapper(...), anchorHoriz='center', anchorVert='center', antialias=True, autoDraw=False, autoLog=True, bold=False, color=array([1., 1., 1.]), colorSpace='rgb', contrast=1.0, depth=0.0, flipHoriz=False, flipVert=False, font='Open Sans', fontFiles=[], height=0.05, italic=False, languageStyle='LTR', name='GetReadyTimed_Text', opacity=1.0, ori=0.0, pos=array([0., 0.]), rgb=UNKNOWN, text='', units='height', win=Window(...), wrapWidth=1)
21.7055 	EXP 	Created NStorySentence_Text = TextStim(__class__=<class 'psychopy.visual.text.TextStim'>, alignHoriz=method-wrapper(...), alignText='center', alignVert=method-wrapper(...), anchorHoriz='center', anchorVert='center', antialias=True, autoDraw=False, autoLog=True, bold=False, color=array([1., 1., 1.]), colorSpace='rgb', contrast=1.0, depth=0.0, flipHoriz=False, flipVert=False, font='Open Sans', fontFiles=[], height=0.05, italic=False, languageStyle='LTR', name='NStorySentence_Text', opacity=1.0, ori=0.0, pos=array([0., 0.]), rgb=UNKNOWN, text='', units='height', win=Window(...), wrapWidth=1)
21.7394 	EXP 	Created NStoryRating_Text = TextStim(__class__=<class 'psychopy.visual.text.TextStim'>, alignHoriz=method-wrapper(...), alignText='center', alignVert=method-wrapper(...), anchorHoriz='center', anchorVert='center', antialias=True, autoDraw=False, autoLog=True, bold=False, color=array([1., 1., 1.]), colorSpace='rgb', contrast=1.0, depth=0.0, flipHoriz=False, flipVert=False, font='Open Sans', fontFiles=[], height=0.05, italic=False, languageStyle='LTR', name='NStoryRating_Text', opacity=1.0, ori=0.0, pos=array([0. , 0.3]), rgb=UNKNOWN, text='How are you feeling?', units='height', win=Window(...), wrapWidth=1)
21.7454 	EXP 	window1: mouseVisible = True
21.8476 	EXP 	Created NStoryRating_Response = Slider(__class__=<class 'psychopy.visual.slider.Slider'>, autoDraw=False, autoLog=True, borderColor=None, color=None, colorSpace='rgb', depth=-1, fillColor=None, flip=False, font='Open Sans', granularity=1.0, labelColor=None, labelHeight=0.02, labelWrapWidth=None, labels=tuple(...), lineColor=None, markerColor=None, name='NStoryRating_Response', opacity=None, ori=0.0, pos=array([ 0. , -0.2]), readOnly=False, self=UNKNOWN, size=array([1. , 0.1]), startValue=None, style='rating', styleTweaks=[], ticks=array([1, 2, 3, 4, 5]), units='height', win=Window(...))
21.8828 	EXP 	window1: mouseVisible = True
21.8884 	EXP 	Created NTrial_NSB = TextStim(__class__=<class 'psychopy.visual.text.TextStim'>, alignHoriz=method-wrapper(...), alignText='center', alignVert=method-wrapper(...), anchorHoriz='center', anchorVert='center', antialias=True, autoDraw=False, autoLog=True, bold=False, color=array([1., 1., 1.]), colorSpace='rgb', contrast=1.0, depth=0.0, flipHoriz=False, flipVert=False, font='Open Sans', fontFiles=[], height=0.05, italic=False, languageStyle='LTR', name='NTrial_NSB', opacity=1.0, ori=0.0, pos=array([0., 0.]), rgb=UNKNOWN, text='Negative Self Belief', units='height', win=Window(...), wrapWidth=1)
21.8976 	EXP 	Created NTrial_Cue = TextStim(__class__=<class 'psychopy.visual.text.TextStim'>, alignHoriz=method-wrapper(...), alignText='center', alignVert=method-wrapper(...), anchorHoriz='center', anchorVert='center', antialias=True, autoDraw=False, autoLog=True, bold=False, color=array([ 1., -1., -1.]), colorSpace='rgb', contrast=1.0, depth=-1.0, flipHoriz=False, flipVert=False, font='Open Sans', fontFiles=[], height=0.1, italic=False, languageStyle='LTR', name='NTrial_Cue', opacity=1.0, ori=0.0, pos=array([ 0. , -0.2]), rgb=UNKNOWN, text='REACT', units='height', win=Window(...), wrapWidth=1)
21.8998 	EXP 	Created NTrial_RatingText = TextStim(__class__=<class 'psychopy.visual.text.TextStim'>, alignHoriz=method-wrapper(...), alignText='center', alignVert=method-wrapper(...), anchorHoriz='center', anchorVert='center', antialias=True, autoDraw=False, autoLog=True, bold=False, color=array([1., 1., 1.]), colorSpace='rgb', contrast=1.0, depth=-2.0, flipHoriz=False, flipVert=False, font='Open Sans', fontFiles=[], height=0.05, italic=False, languageStyle='LTR', name='NTrial_RatingText', opacity=1.0, ori=0.0, pos=array([0. , 0.3]), rgb=UNKNOWN, text='How are you feeling?', units='height', win=Window(...), wrapWidth=1)
21.9026 	EXP 	window1: mouseVisible = True
21.9907 	EXP 	Created NTrial_RatingResponse = Slider(__class__=<class 'psychopy.visual.slider.Slider'>, autoDraw=False, autoLog=True, borderColor=None, color=None, colorSpace='rgb', depth=-3, fillColor=None, flip=False, font='Open Sans', granularity=1.0, labelColor=None, labelHeight=0.02, labelWrapWidth=None, labels=tuple(...), lineColor=None, markerColor=None, name='NTrial_RatingResponse', opacity=None, ori=0.0, pos=array([ 0. , -0.2]), readOnly=False, self=UNKNOWN, size=array([1. , 0.1]), startValue=None, style='rating', styleTweaks=[], ticks=array([1, 2, 3, 4, 5]), units='height', win=Window(...))
22.0024 	EXP 	window1: mouseVisible = True
22.0105 	EXP 	NStoryRating_Response: autoLog = True
22.0105 	EXP 	NStoryRating_Response: markerPos = None
22.0105 	EXP 	NStoryRating_Response: styleTweaks = []
22.0105 	EXP 	NStoryRating_Response: styleTweaks = []
22.0105 	EXP 	NStoryRating_Response: styleTweaks = []
22.0105 	EXP 	NStoryRating_Response: styleTweaks = []
22.0105 	EXP 	NStoryRating_Response: contrast = 1.0
22.0105 	EXP 	NStoryRating_Response: autoLog = True
22.0105 	EXP 	NTrial_RatingResponse: autoLog = True
22.0105 	EXP 	NTrial_RatingResponse: markerPos = None
22.0105 	EXP 	NTrial_RatingResponse: styleTweaks = []
22.0105 	EXP 	NTrial_RatingResponse: styleTweaks = []
22.0105 	EXP 	NTrial_RatingResponse: styleTweaks = []
22.0105 	EXP 	NTrial_RatingResponse: styleTweaks = []
22.0105 	EXP 	NTrial_RatingResponse: contrast = 1.0
22.0105 	EXP 	NTrial_RatingResponse: autoLog = True
22.0105 	EXP 	GetReadyTimed_Text: autoDraw = True
25.0085 	EXP 	GetReadyTimed_Text: autoDraw = False
25.0085 	EXP 	NStorySentence_Text: height = 0.05
25.0085 	EXP 	NStorySentence_Text: height = 0.05
25.0085 	EXP 	NStorySentence_Text: height = 0.05
25.0085 	EXP 	NStorySentence_Text: text = 'Negative Story Sentence'
25.0085 	EXP 	NStorySentence_Text: autoDraw = True
28.0203 	EXP 	NStorySentence_Text: autoDraw = False
28.0203 	EXP 	NStoryRating_Response: markerPos = None
28.0203 	EXP 	NStoryRating_Response: markerPos = None
28.0203 	EXP 	NStoryRating_Text: autoDraw = True
28.0203 	EXP 	NStoryRating_Response: autoDraw = True
28.7754 	DATA 	Mouse: Left button down, pos=(958,327)
28.7822 	EXP 	NStoryRating_Response: markerPos = 2.992592592592593
28.7883 	EXP 	NStoryRating_Response: markerPos = 3.0
28.7946 	EXP 	NStoryRating_Response: markerPos = 3.0
28.8413 	EXP 	NStoryRating_Response: markerPos = 3.0037037037037035
28.8479 	EXP 	NStoryRating_Response: markerPos = 3.0074074074074075
28.8540 	EXP 	NStoryRating_Response: markerPos = 3.0074074074074075
28.8597 	EXP 	NStoryRating_Response: markerPos = 3.0074074074074075
28.8656 	EXP 	NStoryRating_Response: markerPos = 3.0074074074074075
28.8717 	EXP 	NStoryRating_Response: markerPos = 3.0074074074074075
28.8777 	EXP 	NStoryRating_Response: markerPos = 3.0074074074074075
28.8838 	EXP 	NStoryRating_Response: markerPos = 3.0074074074074075
28.8896 	EXP 	NStoryRating_Response: markerPos = 3.0074074074074075
28.8955 	EXP 	NStoryRating_Response: markerPos = 3.0074074074074075
28.9014 	EXP 	NStoryRating_Response: markerPos = 3.0074074074074075
28.9081 	EXP 	NStoryRating_Response: markerPos = 3.0074074074074075
28.9141 	EXP 	NStoryRating_Response: markerPos = 3.0074074074074075
28.9202 	EXP 	NStoryRating_Response: markerPos = 3.0074074074074075
28.9266 	EXP 	NStoryRating_Response: markerPos = 3.0074074074074075
28.9321 	DATA 	Mouse:  Left button up, pos=(962,326)
28.9328 	EXP 	NStoryRating_Response: markerPos = 3.0074074074074075
28.9396 	EXP 	NStoryRating_Response: markerPos = 3.0
29.2539 	DATA 	Mouse: Left button down, pos=(696,313)
29.2615 	EXP 	NStoryRating_Response: markerPos = 2.022222222222222
29.2687 	EXP 	NStoryRating_Response: markerPos = 2.014814814814815
29.2752 	EXP 	NStoryRating_Response: markerPos = 2.0074074074074075
29.2818 	EXP 	NStoryRating_Response: markerPos = 2.0074074074074075
29.2884 	EXP 	NStoryRating_Response: markerPos = 2.0037037037037035
29.2949 	EXP 	NStoryRating_Response: markerPos = 2.0037037037037035
29.3015 	EXP 	NStoryRating_Response: markerPos = 2.0037037037037035
29.3080 	EXP 	NStoryRating_Response: markerPos = 2.0037037037037035
29.3145 	EXP 	NStoryRating_Response: markerPos = 2.0037037037037035
29.3210 	EXP 	NStoryRating_Response: markerPos = 2.0037037037037035
29.3275 	EXP 	NStoryRating_Response: markerPos = 2.0037037037037035
29.3338 	EXP 	NStoryRating_Response: markerPos = 2.0037037037037035
29.3402 	DATA 	Mouse:  Left button up, pos=(690,313)
29.3408 	EXP 	NStoryRating_Response: markerPos = 2.0037037037037035
29.3473 	EXP 	NStoryRating_Response: markerPos = 2.0
29.3874 	DATA 	Mouse: Left button down, pos=(680,314)
29.3955 	EXP 	NStoryRating_Response: markerPos = 1.962962962962963
29.4021 	EXP 	NStoryRating_Response: markerPos = 1.9444444444444444
29.4095 	EXP 	NStoryRating_Response: markerPos = 1.9333333333333333
29.4179 	EXP 	NStoryRating_Response: markerPos = 1.9222222222222223
29.4246 	EXP 	NStoryRating_Response: markerPos = 1.9148148148148147
29.4316 	EXP 	NStoryRating_Response: markerPos = 1.9148148148148147
29.4382 	EXP 	NStoryRating_Response: markerPos = 1.9148148148148147
29.4449 	EXP 	NStoryRating_Response: markerPos = 1.9148148148148147
29.4524 	EXP 	NStoryRating_Response: markerPos = 1.9148148148148147
29.4587 	EXP 	NStoryRating_Response: markerPos = 1.9148148148148147
29.4651 	EXP 	NStoryRating_Response: markerPos = 1.9148148148148147
29.4715 	EXP 	NStoryRating_Response: markerPos = 1.9148148148148147
29.4778 	EXP 	NStoryRating_Response: markerPos = 1.9148148148148147
29.4841 	EXP 	NStoryRating_Response: markerPos = 1.9148148148148147
29.4912 	EXP 	NStoryRating_Response: markerPos = 1.9148148148148147
29.4974 	EXP 	NStoryRating_Response: markerPos = 1.9148148148148147
29.5043 	EXP 	NStoryRating_Response: markerPos = 1.9222222222222223
29.5107 	EXP 	NStoryRating_Response: markerPos = 1.9481481481481482
29.5172 	EXP 	NStoryRating_Response: markerPos = 1.9481481481481482
29.5239 	EXP 	NStoryRating_Response: markerPos = 1.9925925925925927
29.5307 	EXP 	NStoryRating_Response: markerPos = 2.062962962962963
29.5373 	EXP 	NStoryRating_Response: markerPos = 2.162962962962963
29.5442 	EXP 	NStoryRating_Response: markerPos = 2.2555555555555555
29.5506 	EXP 	NStoryRating_Response: markerPos = 2.3703703703703702
29.5568 	EXP 	NStoryRating_Response: markerPos = 2.4592592592592593
29.5638 	EXP 	NStoryRating_Response: markerPos = 2.4592592592592593
29.5712 	EXP 	NStoryRating_Response: markerPos = 2.562962962962963
29.5785 	EXP 	NStoryRating_Response: markerPos = 2.651851851851852
29.5861 	EXP 	NStoryRating_Response: markerPos = 2.725925925925926
29.5935 	EXP 	NStoryRating_Response: markerPos = 2.7962962962962963
29.6160 	EXP 	NStoryRating_Response: markerPos = 2.8925925925925924
29.6226 	EXP 	NStoryRating_Response: markerPos = 2.9518518518518517
29.6292 	EXP 	NStoryRating_Response: markerPos = 2.962962962962963
29.6364 	EXP 	NStoryRating_Response: markerPos = 2.962962962962963
29.6433 	EXP 	NStoryRating_Response: markerPos = 2.974074074074074
29.6499 	EXP 	NStoryRating_Response: markerPos = 2.974074074074074
29.6563 	EXP 	NStoryRating_Response: markerPos = 2.974074074074074
29.6628 	EXP 	NStoryRating_Response: markerPos = 2.974074074074074
29.6691 	EXP 	NStoryRating_Response: markerPos = 2.974074074074074
29.6757 	EXP 	NStoryRating_Response: markerPos = 2.974074074074074
29.6826 	EXP 	NStoryRating_Response: markerPos = 2.974074074074074
29.6891 	EXP 	NStoryRating_Response: markerPos = 2.974074074074074
29.6953 	EXP 	NStoryRating_Response: markerPos = 2.977777777777778
29.7019 	EXP 	NStoryRating_Response: markerPos = 2.977777777777778
29.7084 	EXP 	NStoryRating_Response: markerPos = 2.9814814814814814
29.7146 	EXP 	NStoryRating_Response: markerPos = 2.992592592592593
29.7212 	EXP 	NStoryRating_Response: markerPos = 2.992592592592593
29.7275 	EXP 	NStoryRating_Response: markerPos = 3.0037037037037035
29.7343 	EXP 	NStoryRating_Response: markerPos = 3.011111111111111
29.7408 	EXP 	NStoryRating_Response: markerPos = 3.0148148148148146
29.7477 	EXP 	NStoryRating_Response: markerPos = 3.0148148148148146
29.7542 	EXP 	NStoryRating_Response: markerPos = 3.0148148148148146
29.7608 	EXP 	NStoryRating_Response: markerPos = 3.0148148148148146
29.7673 	EXP 	NStoryRating_Response: markerPos = 3.0148148148148146
29.7738 	EXP 	NStoryRating_Response: markerPos = 3.0148148148148146
29.7813 	EXP 	NStoryRating_Response: markerPos = 3.0148148148148146
29.7882 	EXP 	NStoryRating_Response: markerPos = 3.0148148148148146
29.7947 	EXP 	NStoryRating_Response: markerPos = 3.0148148148148146
29.8011 	EXP 	NStoryRating_Response: markerPos = 3.0148148148148146
29.8075 	EXP 	NStoryRating_Response: markerPos = 3.0148148148148146
29.8141 	EXP 	NStoryRating_Response: markerPos = 3.0148148148148146
29.8207 	EXP 	NStoryRating_Response: markerPos = 3.0148148148148146
29.8273 	EXP 	NStoryRating_Response: markerPos = 3.0148148148148146
29.8344 	EXP 	NStoryRating_Response: markerPos = 3.0148148148148146
29.8408 	EXP 	NStoryRating_Response: markerPos = 3.0148148148148146
29.8474 	EXP 	NStoryRating_Response: markerPos = 3.0148148148148146
29.8536 	EXP 	NStoryRating_Response: markerPos = 3.011111111111111
29.8612 	EXP 	NStoryRating_Response: markerPos = 3.011111111111111
29.8683 	EXP 	NStoryRating_Response: markerPos = 3.0037037037037035
29.8751 	EXP 	NStoryRating_Response: markerPos = 3.0
29.8818 	EXP 	NStoryRating_Response: markerPos = 2.992592592592593
29.8883 	EXP 	NStoryRating_Response: markerPos = 2.985185185185185
29.8951 	EXP 	NStoryRating_Response: markerPos = 2.985185185185185
29.9029 	EXP 	NStoryRating_Response: markerPos = 2.9814814814814814
29.9095 	EXP 	NStoryRating_Response: markerPos = 2.9814814814814814
29.9157 	DATA 	Mouse:  Left button up, pos=(954,320)
29.9164 	EXP 	NStoryRating_Response: markerPos = 2.9814814814814814
29.9234 	EXP 	NStoryRating_Response: markerPos = 3.0
30.2514 	DATA 	Mouse: Left button down, pos=(695,314)
30.2596 	EXP 	NStoryRating_Response: markerPos = 2.0185185185185186
30.2664 	EXP 	NStoryRating_Response: markerPos = 2.014814814814815
30.2732 	EXP 	NStoryRating_Response: markerPos = 2.014814814814815
30.2804 	EXP 	NStoryRating_Response: markerPos = 2.014814814814815
30.2872 	EXP 	NStoryRating_Response: markerPos = 2.014814814814815
30.2941 	EXP 	NStoryRating_Response: markerPos = 2.014814814814815
30.3011 	EXP 	NStoryRating_Response: markerPos = 2.014814814814815
30.3079 	EXP 	NStoryRating_Response: markerPos = 2.014814814814815
30.3146 	EXP 	NStoryRating_Response: markerPos = 2.014814814814815
30.3217 	EXP 	NStoryRating_Response: markerPos = 2.014814814814815
30.3286 	EXP 	NStoryRating_Response: markerPos = 2.014814814814815
30.3352 	EXP 	NStoryRating_Response: markerPos = 2.014814814814815
30.3414 	DATA 	Mouse:  Left button up, pos=(694,314)
30.3421 	EXP 	NStoryRating_Response: markerPos = 2.014814814814815
30.3488 	EXP 	NStoryRating_Response: markerPos = 2.0
30.4934 	DATA 	Mouse: Left button down, pos=(517,316)
30.4997 	EXP 	NStoryRating_Response: markerPos = 1.3592592592592592
30.5067 	EXP 	NStoryRating_Response: markerPos = 1.3592592592592592
30.5142 	EXP 	NStoryRating_Response: markerPos = 1.3555555555555556
30.5214 	EXP 	NStoryRating_Response: markerPos = 1.3555555555555556
30.5284 	EXP 	NStoryRating_Response: markerPos = 1.3555555555555556
30.5355 	EXP 	NStoryRating_Response: markerPos = 1.3555555555555556
30.5431 	EXP 	NStoryRating_Response: markerPos = 1.3555555555555556
30.5503 	EXP 	NStoryRating_Response: markerPos = 1.3555555555555556
30.5574 	EXP 	NStoryRating_Response: markerPos = 1.3555555555555556
30.5642 	EXP 	NStoryRating_Response: markerPos = 1.3555555555555556
30.5707 	EXP 	NStoryRating_Response: markerPos = 1.3555555555555556
30.5774 	EXP 	NStoryRating_Response: markerPos = 1.3555555555555556
30.5841 	EXP 	NStoryRating_Response: markerPos = 1.3555555555555556
30.5906 	DATA 	Mouse:  Left button up, pos=(516,316)
30.5912 	EXP 	NStoryRating_Response: markerPos = 1.3555555555555556
30.5976 	EXP 	NStoryRating_Response: markerPos = 1.0
30.7660 	DATA 	Mouse: Left button down, pos=(947,319)
30.7736 	EXP 	NStoryRating_Response: markerPos = 2.9518518518518517
30.7805 	EXP 	NStoryRating_Response: markerPos = 2.9518518518518517
30.7873 	EXP 	NStoryRating_Response: markerPos = 2.9518518518518517
30.7937 	EXP 	NStoryRating_Response: markerPos = 2.9518518518518517
30.8004 	EXP 	NStoryRating_Response: markerPos = 2.9518518518518517
30.8068 	EXP 	NStoryRating_Response: markerPos = 2.9518518518518517
30.8134 	EXP 	NStoryRating_Response: markerPos = 2.9518518518518517
30.8199 	EXP 	NStoryRating_Response: markerPos = 2.9518518518518517
30.8264 	EXP 	NStoryRating_Response: markerPos = 2.9518518518518517
30.8331 	EXP 	NStoryRating_Response: markerPos = 2.9518518518518517
30.8396 	DATA 	Mouse:  Left button up, pos=(947,319)
30.8402 	EXP 	NStoryRating_Response: markerPos = 2.9518518518518517
30.8468 	EXP 	NStoryRating_Response: markerPos = 3.0
31.1747 	DATA 	Mouse: Left button down, pos=(1206,324)
31.1822 	EXP 	NStoryRating_Response: markerPos = 3.911111111111111
31.1887 	EXP 	NStoryRating_Response: markerPos = 3.911111111111111
31.1949 	EXP 	NStoryRating_Response: markerPos = 3.911111111111111
31.2017 	EXP 	NStoryRating_Response: markerPos = 3.911111111111111
31.2082 	EXP 	NStoryRating_Response: markerPos = 3.911111111111111
31.2149 	EXP 	NStoryRating_Response: markerPos = 3.911111111111111
31.2215 	EXP 	NStoryRating_Response: markerPos = 3.911111111111111
31.2278 	EXP 	NStoryRating_Response: markerPos = 3.911111111111111
31.2347 	EXP 	NStoryRating_Response: markerPos = 3.911111111111111
31.2412 	EXP 	NStoryRating_Response: markerPos = 3.911111111111111
31.2477 	EXP 	NStoryRating_Response: markerPos = 3.911111111111111
31.2541 	EXP 	NStoryRating_Response: markerPos = 3.911111111111111
31.2610 	EXP 	NStoryRating_Response: markerPos = 3.911111111111111
31.2676 	EXP 	NStoryRating_Response: markerPos = 3.911111111111111
31.2742 	EXP 	NStoryRating_Response: markerPos = 3.911111111111111
31.2807 	EXP 	NStoryRating_Response: markerPos = 3.911111111111111
31.2867 	DATA 	Mouse:  Left button up, pos=(1206,324)
31.2873 	EXP 	NStoryRating_Response: markerPos = 3.911111111111111
31.2939 	EXP 	NStoryRating_Response: markerPos = 4.0
31.4411 	DATA 	Mouse: Left button down, pos=(1401,337)
31.4487 	EXP 	NStoryRating_Response: markerPos = 4.633333333333333
31.4550 	EXP 	NStoryRating_Response: markerPos = 4.633333333333333
31.4616 	EXP 	NStoryRating_Response: markerPos = 4.633333333333333
31.4682 	EXP 	NStoryRating_Response: markerPos = 4.633333333333333
31.4747 	EXP 	NStoryRating_Response: markerPos = 4.633333333333333
31.4815 	EXP 	NStoryRating_Response: markerPos = 4.633333333333333
31.4880 	EXP 	NStoryRating_Response: markerPos = 4.633333333333333
31.4947 	EXP 	NStoryRating_Response: markerPos = 4.633333333333333
31.5011 	EXP 	NStoryRating_Response: markerPos = 4.633333333333333
31.5076 	EXP 	NStoryRating_Response: markerPos = 4.633333333333333
31.5140 	EXP 	NStoryRating_Response: markerPos = 4.633333333333333
31.5204 	EXP 	NStoryRating_Response: markerPos = 4.633333333333333
31.5274 	EXP 	NStoryRating_Response: markerPos = 4.633333333333333
31.5338 	EXP 	NStoryRating_Response: markerPos = 4.633333333333333
31.5409 	EXP 	NStoryRating_Response: markerPos = 4.633333333333333
31.5475 	EXP 	NStoryRating_Response: markerPos = 4.633333333333333
31.5535 	DATA 	Mouse:  Left button up, pos=(1401,337)
31.5542 	EXP 	NStoryRating_Response: markerPos = 4.633333333333333
31.5611 	EXP 	NStoryRating_Response: markerPos = 5.0
31.7418 	DATA 	Mouse: Left button down, pos=(1188,324)
31.7493 	EXP 	NStoryRating_Response: markerPos = 3.8444444444444446
31.7575 	EXP 	NStoryRating_Response: markerPos = 3.8444444444444446
31.7646 	EXP 	NStoryRating_Response: markerPos = 3.8444444444444446
31.7712 	EXP 	NStoryRating_Response: markerPos = 3.8444444444444446
31.7778 	EXP 	NStoryRating_Response: markerPos = 3.8444444444444446
31.7843 	EXP 	NStoryRating_Response: markerPos = 3.8444444444444446
31.7912 	EXP 	NStoryRating_Response: markerPos = 3.8444444444444446
31.7978 	EXP 	NStoryRating_Response: markerPos = 3.8444444444444446
31.8046 	EXP 	NStoryRating_Response: markerPos = 3.8444444444444446
31.8110 	EXP 	NStoryRating_Response: markerPos = 3.8444444444444446
31.8175 	EXP 	NStoryRating_Response: markerPos = 3.8444444444444446
31.8242 	EXP 	NStoryRating_Response: markerPos = 3.8444444444444446
31.8306 	DATA 	Mouse:  Left button up, pos=(1188,324)
31.8316 	EXP 	NStoryRating_Response: markerPos = 3.8444444444444446
31.8385 	EXP 	NStoryRating_Response: markerPos = 4.0
31.9910 	DATA 	Mouse: Left button down, pos=(1014,330)
31.9984 	EXP 	NStoryRating_Response: markerPos = 3.2
32.0051 	EXP 	NStoryRating_Response: markerPos = 3.196296296296296
32.0117 	EXP 	NStoryRating_Response: markerPos = 3.196296296296296
32.0182 	EXP 	NStoryRating_Response: markerPos = 3.196296296296296
32.0248 	EXP 	NStoryRating_Response: markerPos = 3.196296296296296
32.0318 	EXP 	NStoryRating_Response: markerPos = 3.196296296296296
32.0388 	EXP 	NStoryRating_Response: markerPos = 3.196296296296296
32.0454 	EXP 	NStoryRating_Response: markerPos = 3.196296296296296
32.0519 	EXP 	NStoryRating_Response: markerPos = 3.196296296296296
32.0582 	EXP 	NStoryRating_Response: markerPos = 3.196296296296296
32.0646 	EXP 	NStoryRating_Response: markerPos = 3.196296296296296
32.0711 	EXP 	NStoryRating_Response: markerPos = 3.196296296296296
32.0771 	DATA 	Mouse:  Left button up, pos=(1013,330)
32.0777 	EXP 	NStoryRating_Response: markerPos = 3.196296296296296
32.0842 	EXP 	NStoryRating_Response: markerPos = 3.0
32.2839 	DATA 	Mouse: Left button down, pos=(803,328)
32.2912 	EXP 	NStoryRating_Response: markerPos = 2.4185185185185185
32.2976 	EXP 	NStoryRating_Response: markerPos = 2.4185185185185185
32.3040 	EXP 	NStoryRating_Response: markerPos = 2.4185185185185185
32.3104 	EXP 	NStoryRating_Response: markerPos = 2.4185185185185185
32.3166 	EXP 	NStoryRating_Response: markerPos = 2.4185185185185185
32.3240 	EXP 	NStoryRating_Response: markerPos = 2.4185185185185185
32.3306 	EXP 	NStoryRating_Response: markerPos = 2.4185185185185185
32.3371 	EXP 	NStoryRating_Response: markerPos = 2.4185185185185185
32.3436 	EXP 	NStoryRating_Response: markerPos = 2.4185185185185185
32.3501 	EXP 	NStoryRating_Response: markerPos = 2.4185185185185185
32.3564 	EXP 	NStoryRating_Response: markerPos = 2.4185185185185185
32.3627 	EXP 	NStoryRating_Response: markerPos = 2.4185185185185185
32.3695 	EXP 	NStoryRating_Response: markerPos = 2.4185185185185185
32.3754 	DATA 	Mouse:  Left button up, pos=(803,328)
32.3760 	EXP 	NStoryRating_Response: markerPos = 2.4185185185185185
32.3826 	EXP 	NStoryRating_Response: markerPos = 2.0
32.5883 	DATA 	Mouse: Left button down, pos=(617,331)
32.5948 	EXP 	NStoryRating_Response: markerPos = 1.7296296296296296
32.6016 	EXP 	NStoryRating_Response: markerPos = 1.7222222222222223
32.6085 	EXP 	NStoryRating_Response: markerPos = 1.7185185185185186
32.6153 	EXP 	NStoryRating_Response: markerPos = 1.7185185185185186
32.6224 	EXP 	NStoryRating_Response: markerPos = 1.7185185185185186
32.6291 	EXP 	NStoryRating_Response: markerPos = 1.7148148148148148
32.6360 	EXP 	NStoryRating_Response: markerPos = 1.7148148148148148
32.6426 	EXP 	NStoryRating_Response: markerPos = 1.7148148148148148
32.6494 	EXP 	NStoryRating_Response: markerPos = 1.7148148148148148
32.6558 	EXP 	NStoryRating_Response: markerPos = 1.7148148148148148
32.6626 	EXP 	NStoryRating_Response: markerPos = 1.7148148148148148
32.6693 	EXP 	NStoryRating_Response: markerPos = 1.7148148148148148
32.6756 	EXP 	NStoryRating_Response: markerPos = 1.7148148148148148
32.6821 	EXP 	NStoryRating_Response: markerPos = 1.7148148148148148
32.6884 	EXP 	NStoryRating_Response: markerPos = 1.7148148148148148
32.6946 	EXP 	NStoryRating_Response: markerPos = 1.7148148148148148
32.7009 	EXP 	NStoryRating_Response: markerPos = 1.7148148148148148
32.7068 	DATA 	Mouse:  Left button up, pos=(613,330)
32.7074 	EXP 	NStoryRating_Response: markerPos = 1.7148148148148148
32.7137 	EXP 	NStoryRating_Response: markerPos = 2.0
32.8616 	DATA 	Mouse: Left button down, pos=(504,322)
32.8681 	EXP 	NStoryRating_Response: markerPos = 1.3111111111111111
32.8745 	EXP 	NStoryRating_Response: markerPos = 1.3111111111111111
32.8812 	EXP 	NStoryRating_Response: markerPos = 1.3111111111111111
32.8876 	EXP 	NStoryRating_Response: markerPos = 1.3111111111111111
32.8940 	EXP 	NStoryRating_Response: markerPos = 1.3111111111111111
32.9009 	EXP 	NStoryRating_Response: markerPos = 1.3111111111111111
32.9080 	EXP 	NStoryRating_Response: markerPos = 1.3111111111111111
32.9149 	EXP 	NStoryRating_Response: markerPos = 1.3111111111111111
32.9219 	EXP 	NStoryRating_Response: markerPos = 1.3111111111111111
32.9289 	EXP 	NStoryRating_Response: markerPos = 1.3111111111111111
32.9358 	EXP 	NStoryRating_Response: markerPos = 1.3111111111111111
32.9432 	EXP 	NStoryRating_Response: markerPos = 1.3111111111111111
32.9498 	DATA 	Mouse:  Left button up, pos=(504,322)
32.9505 	EXP 	NStoryRating_Response: markerPos = 1.3111111111111111
32.9568 	EXP 	NStoryRating_Response: markerPos = 1.0
33.1671 	DATA 	Mouse: Left button down, pos=(743,342)
33.1735 	EXP 	NStoryRating_Response: markerPos = 2.196296296296296
33.1802 	EXP 	NStoryRating_Response: markerPos = 2.196296296296296
33.1870 	EXP 	NStoryRating_Response: markerPos = 2.196296296296296
33.1936 	EXP 	NStoryRating_Response: markerPos = 2.196296296296296
33.2001 	EXP 	NStoryRating_Response: markerPos = 2.196296296296296
33.2066 	EXP 	NStoryRating_Response: markerPos = 2.196296296296296
33.2129 	EXP 	NStoryRating_Response: markerPos = 2.196296296296296
33.2196 	EXP 	NStoryRating_Response: markerPos = 2.196296296296296
33.2259 	EXP 	NStoryRating_Response: markerPos = 2.196296296296296
33.2330 	EXP 	NStoryRating_Response: markerPos = 2.196296296296296
33.2398 	EXP 	NStoryRating_Response: markerPos = 2.196296296296296
33.2461 	EXP 	NStoryRating_Response: markerPos = 2.196296296296296
33.2528 	EXP 	NStoryRating_Response: markerPos = 2.196296296296296
33.2590 	EXP 	NStoryRating_Response: markerPos = 2.196296296296296
33.2656 	EXP 	NStoryRating_Response: markerPos = 2.196296296296296
33.2718 	EXP 	NStoryRating_Response: markerPos = 2.196296296296296
33.2783 	EXP 	NStoryRating_Response: markerPos = 2.196296296296296
33.2845 	DATA 	Mouse:  Left button up, pos=(743,342)
33.2853 	EXP 	NStoryRating_Response: markerPos = 2.196296296296296
33.2915 	EXP 	NStoryRating_Response: markerPos = 2.0
33.4555 	DATA 	Mouse: Left button down, pos=(951,344)
33.4639 	EXP 	NStoryRating_Response: markerPos = 2.974074074074074
33.4710 	EXP 	NStoryRating_Response: markerPos = 2.974074074074074
33.4776 	EXP 	NStoryRating_Response: markerPos = 2.974074074074074
33.4844 	EXP 	NStoryRating_Response: markerPos = 2.974074074074074
33.4914 	EXP 	NStoryRating_Response: markerPos = 2.974074074074074
33.4983 	EXP 	NStoryRating_Response: markerPos = 2.974074074074074
33.5046 	EXP 	NStoryRating_Response: markerPos = 2.974074074074074
33.5113 	EXP 	NStoryRating_Response: markerPos = 2.974074074074074
33.5176 	EXP 	NStoryRating_Response: markerPos = 2.974074074074074
33.5246 	EXP 	NStoryRating_Response: markerPos = 2.974074074074074
33.5311 	EXP 	NStoryRating_Response: markerPos = 2.974074074074074
33.5382 	EXP 	NStoryRating_Response: markerPos = 2.974074074074074
33.5461 	EXP 	NStoryRating_Response: markerPos = 2.974074074074074
33.5524 	DATA 	Mouse:  Left button up, pos=(953,344)
33.5530 	EXP 	NStoryRating_Response: markerPos = 2.974074074074074
33.5594 	EXP 	NStoryRating_Response: markerPos = 3.0
33.7580 	DATA 	Mouse: Left button down, pos=(1173,321)
33.7654 	EXP 	NStoryRating_Response: markerPos = 3.7888888888888888
33.7718 	EXP 	NStoryRating_Response: markerPos = 3.7888888888888888
33.7787 	EXP 	NStoryRating_Response: markerPos = 3.7888888888888888
33.7854 	EXP 	NStoryRating_Response: markerPos = 3.7888888888888888
33.7918 	EXP 	NStoryRating_Response: markerPos = 3.7888888888888888
33.7981 	EXP 	NStoryRating_Response: markerPos = 3.7888888888888888
33.8050 	EXP 	NStoryRating_Response: markerPos = 3.7888888888888888
33.8115 	EXP 	NStoryRating_Response: markerPos = 3.7888888888888888
33.8181 	EXP 	NStoryRating_Response: markerPos = 3.7888888888888888
33.8244 	EXP 	NStoryRating_Response: markerPos = 3.7888888888888888
33.8313 	EXP 	NStoryRating_Response: markerPos = 3.7888888888888888
33.8381 	EXP 	NStoryRating_Response: markerPos = 3.7888888888888888
33.8446 	EXP 	NStoryRating_Response: markerPos = 3.7888888888888888
33.8516 	EXP 	NStoryRating_Response: markerPos = 3.7888888888888888
33.8579 	DATA 	Mouse:  Left button up, pos=(1173,321)
33.8586 	EXP 	NStoryRating_Response: markerPos = 3.7888888888888888
33.8654 	EXP 	NStoryRating_Response: markerPos = 4.0
34.1440 	DATA 	Mouse: Left button down, pos=(1461,334)
34.1515 	EXP 	NStoryRating_Response: markerPos = 4.855555555555556
34.1583 	EXP 	NStoryRating_Response: markerPos = 4.855555555555556
34.1651 	EXP 	NStoryRating_Response: markerPos = 4.855555555555556
34.1721 	EXP 	NStoryRating_Response: markerPos = 4.855555555555556
34.1784 	EXP 	NStoryRating_Response: markerPos = 4.855555555555556
34.1850 	EXP 	NStoryRating_Response: markerPos = 4.855555555555556
34.1915 	EXP 	NStoryRating_Response: markerPos = 4.855555555555556
34.1978 	EXP 	NStoryRating_Response: markerPos = 4.855555555555556
34.2045 	EXP 	NStoryRating_Response: markerPos = 4.855555555555556
34.2110 	EXP 	NStoryRating_Response: markerPos = 4.855555555555556
34.2175 	EXP 	NStoryRating_Response: markerPos = 4.855555555555556
34.2243 	EXP 	NStoryRating_Response: markerPos = 4.855555555555556
34.2314 	EXP 	NStoryRating_Response: markerPos = 4.855555555555556
34.2376 	DATA 	Mouse:  Left button up, pos=(1461,334)
34.2383 	EXP 	NStoryRating_Response: markerPos = 4.855555555555556
34.2449 	EXP 	NStoryRating_Response: markerPos = 5.0
34.4387 	DATA 	Mouse: Left button down, pos=(1280,319)
34.4460 	EXP 	NStoryRating_Response: markerPos = 4.185185185185185
34.4523 	EXP 	NStoryRating_Response: markerPos = 4.185185185185185
34.4591 	EXP 	NStoryRating_Response: markerPos = 4.185185185185185
34.4659 	EXP 	NStoryRating_Response: markerPos = 4.185185185185185
34.4728 	EXP 	NStoryRating_Response: markerPos = 4.185185185185185
34.4797 	EXP 	NStoryRating_Response: markerPos = 4.185185185185185
34.4868 	EXP 	NStoryRating_Response: markerPos = 4.185185185185185
34.4932 	EXP 	NStoryRating_Response: markerPos = 4.185185185185185
34.4999 	EXP 	NStoryRating_Response: markerPos = 4.185185185185185
34.5066 	EXP 	NStoryRating_Response: markerPos = 4.185185185185185
34.5133 	EXP 	NStoryRating_Response: markerPos = 4.185185185185185
34.5203 	EXP 	NStoryRating_Response: markerPos = 4.185185185185185
34.5266 	EXP 	NStoryRating_Response: markerPos = 4.185185185185185
34.5335 	EXP 	NStoryRating_Response: markerPos = 4.185185185185185
34.5339 	DATA 	Mouse:  Left button up, pos=(1278,319)
34.5408 	EXP 	NStoryRating_Response: markerPos = 4.0
34.7149 	DATA 	Mouse: Left button down, pos=(1025,317)
34.7228 	EXP 	NStoryRating_Response: markerPos = 3.240740740740741
34.7295 	EXP 	NStoryRating_Response: markerPos = 3.237037037037037
34.7362 	EXP 	NStoryRating_Response: markerPos = 3.237037037037037
34.7436 	EXP 	NStoryRating_Response: markerPos = 3.237037037037037
34.7504 	EXP 	NStoryRating_Response: markerPos = 3.237037037037037
34.7572 	EXP 	NStoryRating_Response: markerPos = 3.237037037037037
34.7638 	EXP 	NStoryRating_Response: markerPos = 3.237037037037037
34.7711 	EXP 	NStoryRating_Response: markerPos = 3.237037037037037
34.7778 	EXP 	NStoryRating_Response: markerPos = 3.237037037037037
34.7843 	EXP 	NStoryRating_Response: markerPos = 3.237037037037037
34.7908 	EXP 	NStoryRating_Response: markerPos = 3.237037037037037
34.7971 	EXP 	NStoryRating_Response: markerPos = 3.237037037037037
34.8041 	EXP 	NStoryRating_Response: markerPos = 3.237037037037037
34.8108 	EXP 	NStoryRating_Response: markerPos = 3.237037037037037
34.8176 	EXP 	NStoryRating_Response: markerPos = 3.237037037037037
34.8238 	DATA 	Mouse:  Left button up, pos=(1024,317)
34.8246 	EXP 	NStoryRating_Response: markerPos = 3.237037037037037
34.8314 	EXP 	NStoryRating_Response: markerPos = 3.0
35.0666 	DATA 	Mouse: Left button down, pos=(739,322)
35.0734 	EXP 	NStoryRating_Response: markerPos = 2.1814814814814816
35.0803 	EXP 	NStoryRating_Response: markerPos = 2.177777777777778
35.0865 	EXP 	NStoryRating_Response: markerPos = 2.174074074074074
35.0926 	EXP 	NStoryRating_Response: markerPos = 2.174074074074074
35.0987 	EXP 	NStoryRating_Response: markerPos = 2.1703703703703705
35.1049 	EXP 	NStoryRating_Response: markerPos = 2.1703703703703705
35.1112 	EXP 	NStoryRating_Response: markerPos = 2.1703703703703705
35.1174 	EXP 	NStoryRating_Response: markerPos = 2.1703703703703705
35.1235 	EXP 	NStoryRating_Response: markerPos = 2.1703703703703705
35.1297 	EXP 	NStoryRating_Response: markerPos = 2.1703703703703705
35.1360 	EXP 	NStoryRating_Response: markerPos = 2.1703703703703705
35.1427 	EXP 	NStoryRating_Response: markerPos = 2.1703703703703705
35.1488 	EXP 	NStoryRating_Response: markerPos = 2.1703703703703705
35.1554 	EXP 	NStoryRating_Response: markerPos = 2.1703703703703705
35.1613 	DATA 	Mouse:  Left button up, pos=(736,322)
35.1617 	EXP 	NStoryRating_Response: markerPos = 2.1703703703703705
35.1678 	EXP 	NStoryRating_Response: markerPos = 2.0
35.5144 	DATA 	Mouse: Left button down, pos=(465,313)
35.5208 	EXP 	NStoryRating_Response: markerPos = 1.1666666666666667
35.5271 	EXP 	NStoryRating_Response: markerPos = 1.1666666666666667
35.5336 	EXP 	NStoryRating_Response: markerPos = 1.1666666666666667
35.5397 	EXP 	NStoryRating_Response: markerPos = 1.1666666666666667
35.5460 	EXP 	NStoryRating_Response: markerPos = 1.1666666666666667
35.5525 	EXP 	NStoryRating_Response: markerPos = 1.1666666666666667
35.5594 	EXP 	NStoryRating_Response: markerPos = 1.1666666666666667
35.5667 	EXP 	NStoryRating_Response: markerPos = 1.1666666666666667
35.5734 	EXP 	NStoryRating_Response: markerPos = 1.1666666666666667
35.5801 	EXP 	NStoryRating_Response: markerPos = 1.1666666666666667
35.5863 	EXP 	NStoryRating_Response: markerPos = 1.1666666666666667
35.5929 	EXP 	NStoryRating_Response: markerPos = 1.1666666666666667
35.5988 	DATA 	Mouse:  Left button up, pos=(465,313)
35.5994 	EXP 	NStoryRating_Response: markerPos = 1.1666666666666667
35.6058 	EXP 	NStoryRating_Response: markerPos = 1.0
35.7798 	DATA 	Mouse: Left button down, pos=(740,275)
35.7869 	EXP 	NStoryRating_Response: markerPos = 2.185185185185185
35.7934 	EXP 	NStoryRating_Response: markerPos = 2.185185185185185
35.7998 	EXP 	NStoryRating_Response: markerPos = 2.185185185185185
35.8064 	EXP 	NStoryRating_Response: markerPos = 2.185185185185185
35.8128 	EXP 	NStoryRating_Response: markerPos = 2.185185185185185
35.8190 	EXP 	NStoryRating_Response: markerPos = 2.185185185185185
35.8257 	EXP 	NStoryRating_Response: markerPos = 2.185185185185185
35.8328 	EXP 	NStoryRating_Response: markerPos = 2.185185185185185
35.8396 	EXP 	NStoryRating_Response: markerPos = 2.185185185185185
35.8463 	EXP 	NStoryRating_Response: markerPos = 2.185185185185185
35.8525 	EXP 	NStoryRating_Response: markerPos = 2.185185185185185
35.8588 	EXP 	NStoryRating_Response: markerPos = 2.185185185185185
35.8652 	DATA 	Mouse:  Left button up, pos=(740,275)
35.8660 	EXP 	NStoryRating_Response: markerPos = 2.185185185185185
35.8726 	EXP 	NStoryRating_Response: markerPos = 2.0
36.0770 	DATA 	Mouse: Left button down, pos=(951,286)
36.0839 	EXP 	NStoryRating_Response: markerPos = 2.966666666666667
36.0903 	EXP 	NStoryRating_Response: markerPos = 2.966666666666667
36.0967 	EXP 	NStoryRating_Response: markerPos = 2.966666666666667
36.1030 	EXP 	NStoryRating_Response: markerPos = 2.966666666666667
36.1092 	EXP 	NStoryRating_Response: markerPos = 2.966666666666667
36.1160 	EXP 	NStoryRating_Response: markerPos = 2.966666666666667
36.1224 	EXP 	NStoryRating_Response: markerPos = 2.966666666666667
36.1289 	EXP 	NStoryRating_Response: markerPos = 2.966666666666667
36.1356 	EXP 	NStoryRating_Response: markerPos = 2.966666666666667
36.1420 	EXP 	NStoryRating_Response: markerPos = 2.966666666666667
36.1489 	EXP 	NStoryRating_Response: markerPos = 2.966666666666667
36.1493 	DATA 	Mouse:  Left button up, pos=(951,286)
36.1562 	EXP 	NStoryRating_Response: markerPos = 3.0
36.5506 	DATA 	Mouse: Left button down, pos=(1266,299)
36.5580 	EXP 	NStoryRating_Response: markerPos = 4.133333333333333
36.5647 	EXP 	NStoryRating_Response: markerPos = 4.133333333333333
36.5716 	EXP 	NStoryRating_Response: markerPos = 4.133333333333333
36.5786 	EXP 	NStoryRating_Response: markerPos = 4.133333333333333
36.5855 	EXP 	NStoryRating_Response: markerPos = 4.133333333333333
36.5921 	EXP 	NStoryRating_Response: markerPos = 4.133333333333333
36.5986 	EXP 	NStoryRating_Response: markerPos = 4.133333333333333
36.6053 	EXP 	NStoryRating_Response: markerPos = 4.133333333333333
36.6116 	EXP 	NStoryRating_Response: markerPos = 4.133333333333333
36.6182 	EXP 	NStoryRating_Response: markerPos = 4.133333333333333
36.6253 	EXP 	NStoryRating_Response: markerPos = 4.133333333333333
36.6322 	EXP 	NStoryRating_Response: markerPos = 4.133333333333333
36.6385 	DATA 	Mouse:  Left button up, pos=(1266,299)
36.6393 	EXP 	NStoryRating_Response: markerPos = 4.133333333333333
36.6460 	EXP 	NStoryRating_Response: markerPos = 4.0
36.9342 	DATA 	Mouse: Left button down, pos=(1465,321)
36.9416 	EXP 	NStoryRating_Response: markerPos = 4.87037037037037
36.9481 	EXP 	NStoryRating_Response: markerPos = 4.87037037037037
36.9547 	EXP 	NStoryRating_Response: markerPos = 4.87037037037037
36.9612 	EXP 	NStoryRating_Response: markerPos = 4.87037037037037
36.9677 	EXP 	NStoryRating_Response: markerPos = 4.87037037037037
36.9740 	EXP 	NStoryRating_Response: markerPos = 4.87037037037037
36.9804 	EXP 	NStoryRating_Response: markerPos = 4.87037037037037
36.9872 	EXP 	NStoryRating_Response: markerPos = 4.87037037037037
36.9937 	EXP 	NStoryRating_Response: markerPos = 4.87037037037037
37.0012 	EXP 	NStoryRating_Response: markerPos = 4.87037037037037
37.0087 	EXP 	NStoryRating_Response: markerPos = 4.87037037037037
37.0154 	EXP 	NStoryRating_Response: markerPos = 4.87037037037037
37.0220 	EXP 	NStoryRating_Response: markerPos = 4.87037037037037
37.0286 	DATA 	Mouse:  Left button up, pos=(1465,321)
37.0295 	EXP 	NStoryRating_Response: markerPos = 4.87037037037037
37.0364 	EXP 	NStoryRating_Response: markerPos = 5.0
37.1691 	DATA 	Mouse: Left button down, pos=(1190,321)
37.1767 	EXP 	NStoryRating_Response: markerPos = 3.851851851851852
37.1834 	EXP 	NStoryRating_Response: markerPos = 3.851851851851852
37.1904 	EXP 	NStoryRating_Response: markerPos = 3.851851851851852
37.1972 	EXP 	NStoryRating_Response: markerPos = 3.851851851851852
37.2039 	EXP 	NStoryRating_Response: markerPos = 3.851851851851852
37.2107 	EXP 	NStoryRating_Response: markerPos = 3.851851851851852
37.2176 	EXP 	NStoryRating_Response: markerPos = 3.851851851851852
37.2249 	EXP 	NStoryRating_Response: markerPos = 3.851851851851852
37.2318 	EXP 	NStoryRating_Response: markerPos = 3.851851851851852
37.2384 	EXP 	NStoryRating_Response: markerPos = 3.851851851851852
37.2447 	EXP 	NStoryRating_Response: markerPos = 3.851851851851852
37.2511 	DATA 	Mouse:  Left button up, pos=(1190,321)
37.2517 	EXP 	NStoryRating_Response: markerPos = 3.851851851851852
37.2580 	EXP 	NStoryRating_Response: markerPos = 4.0
37.3869 	DATA 	Mouse: Left button down, pos=(907,300)
37.3928 	EXP 	NStoryRating_Response: markerPos = 2.803703703703704
37.3992 	EXP 	NStoryRating_Response: markerPos = 2.803703703703704
37.4058 	EXP 	NStoryRating_Response: markerPos = 2.8
37.4122 	EXP 	NStoryRating_Response: markerPos = 2.8
37.4187 	EXP 	NStoryRating_Response: markerPos = 2.8
37.4254 	EXP 	NStoryRating_Response: markerPos = 2.8
37.4324 	EXP 	NStoryRating_Response: markerPos = 2.8
37.4390 	EXP 	NStoryRating_Response: markerPos = 2.8
37.4455 	EXP 	NStoryRating_Response: markerPos = 2.8
37.4521 	EXP 	NStoryRating_Response: markerPos = 2.8
37.4586 	EXP 	NStoryRating_Response: markerPos = 2.8
37.4650 	EXP 	NStoryRating_Response: markerPos = 2.8
37.4716 	EXP 	NStoryRating_Response: markerPos = 2.8
37.4781 	EXP 	NStoryRating_Response: markerPos = 2.8
37.4852 	EXP 	NStoryRating_Response: markerPos = 2.8
37.4919 	EXP 	NStoryRating_Response: markerPos = 2.8
37.4980 	DATA 	Mouse:  Left button up, pos=(906,300)
37.4986 	EXP 	NStoryRating_Response: markerPos = 2.8
37.5053 	EXP 	NStoryRating_Response: markerPos = 3.0
37.6805 	DATA 	Mouse: Left button down, pos=(663,311)
37.6878 	EXP 	NStoryRating_Response: markerPos = 1.9
37.6943 	EXP 	NStoryRating_Response: markerPos = 1.9
37.7010 	EXP 	NStoryRating_Response: markerPos = 1.9
37.7076 	EXP 	NStoryRating_Response: markerPos = 1.9
37.7143 	EXP 	NStoryRating_Response: markerPos = 1.9
37.7207 	EXP 	NStoryRating_Response: markerPos = 1.9
37.7273 	EXP 	NStoryRating_Response: markerPos = 1.9
37.7338 	EXP 	NStoryRating_Response: markerPos = 1.9
37.7399 	EXP 	NStoryRating_Response: markerPos = 1.9
37.7464 	EXP 	NStoryRating_Response: markerPos = 1.9
37.7526 	EXP 	NStoryRating_Response: markerPos = 1.9
37.7592 	EXP 	NStoryRating_Response: markerPos = 1.9
37.7658 	DATA 	Mouse:  Left button up, pos=(662,312)
37.7664 	EXP 	NStoryRating_Response: markerPos = 1.9
37.7733 	EXP 	NStoryRating_Response: markerPos = 2.0
37.9228 	DATA 	Mouse: Left button down, pos=(492,320)
37.9302 	EXP 	NStoryRating_Response: markerPos = 1.2666666666666666
37.9370 	EXP 	NStoryRating_Response: markerPos = 1.2666666666666666
37.9443 	EXP 	NStoryRating_Response: markerPos = 1.2666666666666666
37.9511 	EXP 	NStoryRating_Response: markerPos = 1.2666666666666666
37.9579 	EXP 	NStoryRating_Response: markerPos = 1.2666666666666666
37.9648 	EXP 	NStoryRating_Response: markerPos = 1.2666666666666666
37.9720 	EXP 	NStoryRating_Response: markerPos = 1.2666666666666666
37.9789 	EXP 	NStoryRating_Response: markerPos = 1.2666666666666666
37.9856 	EXP 	NStoryRating_Response: markerPos = 1.2666666666666666
37.9923 	EXP 	NStoryRating_Response: markerPos = 1.2666666666666666
37.9989 	EXP 	NStoryRating_Response: markerPos = 1.2666666666666666
38.0057 	EXP 	NStoryRating_Response: markerPos = 1.2666666666666666
38.0121 	EXP 	NStoryRating_Response: markerPos = 1.2666666666666666
38.0186 	EXP 	NStoryRating_Response: markerPos = 1.2666666666666666
38.0251 	EXP 	NStoryRating_Response: markerPos = 1.2666666666666666
38.0319 	EXP 	NStoryRating_Response: markerPos = 1.2666666666666666
38.0387 	DATA 	Mouse:  Left button up, pos=(514,321)
38.0392 	EXP 	NStoryRating_Response: markerPos = 1.288888888888889
38.0454 	EXP 	NStoryRating_Response: markerPos = 1.0
39.6191 	DATA 	Mouse: Left button down, pos=(673,337)
39.6265 	EXP 	NStoryRating_Response: markerPos = 1.9370370370370371
39.6341 	EXP 	NStoryRating_Response: markerPos = 1.9333333333333333
39.6411 	EXP 	NStoryRating_Response: markerPos = 1.9333333333333333
39.6478 	EXP 	NStoryRating_Response: markerPos = 1.9333333333333333
39.6550 	EXP 	NStoryRating_Response: markerPos = 1.9333333333333333
39.6620 	EXP 	NStoryRating_Response: markerPos = 1.9333333333333333
39.6693 	EXP 	NStoryRating_Response: markerPos = 1.9333333333333333
39.6767 	EXP 	NStoryRating_Response: markerPos = 1.9333333333333333
39.6844 	EXP 	NStoryRating_Response: markerPos = 1.9333333333333333
39.6917 	EXP 	NStoryRating_Response: markerPos = 1.9333333333333333
39.6989 	EXP 	NStoryRating_Response: markerPos = 1.9333333333333333
39.7058 	EXP 	NStoryRating_Response: markerPos = 1.9333333333333333
39.7130 	EXP 	NStoryRating_Response: markerPos = 1.9333333333333333
39.7197 	EXP 	NStoryRating_Response: markerPos = 1.9333333333333333
39.7258 	DATA 	Mouse:  Left button up, pos=(684,337)
39.7266 	EXP 	NStoryRating_Response: markerPos = 1.9444444444444444
39.7332 	EXP 	NStoryRating_Response: markerPos = 2.0
39.8189 	DATA 	Mouse: Left button down, pos=(894,333)
39.8255 	EXP 	NStoryRating_Response: markerPos = 2.7555555555555555
39.8328 	EXP 	NStoryRating_Response: markerPos = 2.762962962962963
39.8399 	EXP 	NStoryRating_Response: markerPos = 2.762962962962963
39.8470 	EXP 	NStoryRating_Response: markerPos = 2.762962962962963
39.8536 	EXP 	NStoryRating_Response: markerPos = 2.762962962962963
39.8607 	EXP 	NStoryRating_Response: markerPos = 2.762962962962963
39.8671 	EXP 	NStoryRating_Response: markerPos = 2.762962962962963
39.8738 	EXP 	NStoryRating_Response: markerPos = 2.762962962962963
39.8802 	EXP 	NStoryRating_Response: markerPos = 2.762962962962963
39.8865 	EXP 	NStoryRating_Response: markerPos = 2.762962962962963
39.8927 	EXP 	NStoryRating_Response: markerPos = 2.762962962962963
39.8991 	EXP 	NStoryRating_Response: markerPos = 2.762962962962963
39.9052 	DATA 	Mouse:  Left button up, pos=(896,333)
39.9059 	EXP 	NStoryRating_Response: markerPos = 2.762962962962963
39.9128 	EXP 	NStoryRating_Response: markerPos = 3.0
40.1568 	DATA 	Mouse: Left button down, pos=(1186,352)
40.1633 	EXP 	NStoryRating_Response: markerPos = 3.837037037037037
40.1697 	EXP 	NStoryRating_Response: markerPos = 3.837037037037037
40.1761 	EXP 	NStoryRating_Response: markerPos = 3.837037037037037
40.1825 	EXP 	NStoryRating_Response: markerPos = 3.837037037037037
40.1891 	EXP 	NStoryRating_Response: markerPos = 3.837037037037037
40.1957 	EXP 	NStoryRating_Response: markerPos = 3.837037037037037
40.2028 	EXP 	NStoryRating_Response: markerPos = 3.837037037037037
40.2095 	EXP 	NStoryRating_Response: markerPos = 3.837037037037037
40.2160 	EXP 	NStoryRating_Response: markerPos = 3.837037037037037
40.2230 	EXP 	NStoryRating_Response: markerPos = 3.837037037037037
40.2296 	EXP 	NStoryRating_Response: markerPos = 3.837037037037037
40.2365 	EXP 	NStoryRating_Response: markerPos = 3.837037037037037
40.2436 	EXP 	NStoryRating_Response: markerPos = 3.837037037037037
40.2507 	EXP 	NStoryRating_Response: markerPos = 3.837037037037037
40.2572 	EXP 	NStoryRating_Response: markerPos = 3.837037037037037
40.2638 	EXP 	NStoryRating_Response: markerPos = 3.837037037037037
40.2706 	EXP 	NStoryRating_Response: markerPos = 3.8444444444444446
40.2767 	DATA 	Mouse:  Left button up, pos=(1193,353)
40.2773 	EXP 	NStoryRating_Response: markerPos = 3.8444444444444446
40.2838 	EXP 	NStoryRating_Response: markerPos = 4.0
40.4395 	DATA 	Mouse: Left button down, pos=(1495,307)
40.4471 	EXP 	NStoryRating_Response: markerPos = 4.981481481481481
40.4540 	EXP 	NStoryRating_Response: markerPos = 4.981481481481481
40.4607 	EXP 	NStoryRating_Response: markerPos = 4.981481481481481
40.4672 	EXP 	NStoryRating_Response: markerPos = 4.981481481481481
40.4738 	EXP 	NStoryRating_Response: markerPos = 4.981481481481481
40.4803 	EXP 	NStoryRating_Response: markerPos = 4.981481481481481
40.4872 	EXP 	NStoryRating_Response: markerPos = 4.981481481481481
40.4938 	EXP 	NStoryRating_Response: markerPos = 4.981481481481481
40.5003 	EXP 	NStoryRating_Response: markerPos = 4.981481481481481
40.5074 	EXP 	NStoryRating_Response: markerPos = 4.981481481481481
40.5141 	EXP 	NStoryRating_Response: markerPos = 4.981481481481481
40.5209 	EXP 	NStoryRating_Response: markerPos = 4.981481481481481
40.5273 	EXP 	NStoryRating_Response: markerPos = 4.981481481481481
40.5336 	EXP 	NStoryRating_Response: markerPos = 4.981481481481481
40.5401 	EXP 	NStoryRating_Response: markerPos = 4.981481481481481
40.5462 	DATA 	Mouse:  Left button up, pos=(1495,308)
40.5470 	EXP 	NStoryRating_Response: markerPos = 4.981481481481481
40.5533 	EXP 	NStoryRating_Response: markerPos = 5.0
40.8622 	DATA 	Mouse: Left button down, pos=(1523,109)
40.8683 	EXP 	NStoryRating_Text: autoDraw = False
40.8683 	EXP 	NStoryRating_Response: autoDraw = False
40.8683 	EXP 	NTrial_RatingResponse: markerPos = None
40.8683 	EXP 	NTrial_RatingResponse: markerPos = None
40.8683 	EXP 	NTrial_NSB: autoDraw = True
40.9657 	DATA 	Mouse:  Left button up, pos=(1523,109)
43.8651 	EXP 	NTrial_Cue: autoDraw = True
55.8701 	EXP 	NTrial_Cue: autoDraw = False
55.8701 	EXP 	NTrial_RatingText: autoDraw = True
55.8701 	EXP 	NTrial_RatingResponse: autoDraw = True
55.8746 	EXP 	NTrial_NSB: autoDraw = False
60.9829 	DATA 	Mouse: Left button down, pos=(1533,314)
60.9904 	EXP 	NTrial_RatingResponse: markerPos = 5.122222222222222
60.9966 	EXP 	NTrial_RatingResponse: markerPos = 5.122222222222222
61.0029 	EXP 	NTrial_RatingResponse: markerPos = 5.122222222222222
61.0095 	EXP 	NTrial_RatingResponse: markerPos = 5.122222222222222
61.0159 	EXP 	NTrial_RatingResponse: markerPos = 5.122222222222222
61.0222 	EXP 	NTrial_RatingResponse: markerPos = 5.122222222222222
61.0282 	EXP 	NTrial_RatingResponse: markerPos = 5.122222222222222
61.0348 	EXP 	NTrial_RatingResponse: markerPos = 5.122222222222222
61.0411 	EXP 	NTrial_RatingResponse: markerPos = 5.122222222222222
61.0472 	EXP 	NTrial_RatingResponse: markerPos = 5.122222222222222
61.0534 	EXP 	NTrial_RatingResponse: markerPos = 5.122222222222222
61.0598 	EXP 	NTrial_RatingResponse: markerPos = 5.122222222222222
61.0663 	EXP 	NTrial_RatingResponse: markerPos = 5.122222222222222
61.0725 	DATA 	Mouse:  Left button up, pos=(1533,314)
61.0731 	EXP 	NTrial_RatingResponse: markerPos = 5.122222222222222
61.0796 	EXP 	NTrial_RatingResponse: markerPos = 5.0
61.2578 	DATA 	Mouse: Left button down, pos=(1159,314)
61.2657 	EXP 	NTrial_RatingResponse: markerPos = 3.737037037037037
61.2725 	EXP 	NTrial_RatingResponse: markerPos = 3.737037037037037
61.2791 	EXP 	NTrial_RatingResponse: markerPos = 3.737037037037037
61.2860 	EXP 	NTrial_RatingResponse: markerPos = 3.737037037037037
61.2924 	EXP 	NTrial_RatingResponse: markerPos = 3.737037037037037
61.2987 	EXP 	NTrial_RatingResponse: markerPos = 3.737037037037037
61.3055 	EXP 	NTrial_RatingResponse: markerPos = 3.737037037037037
61.3121 	EXP 	NTrial_RatingResponse: markerPos = 3.737037037037037
61.3190 	EXP 	NTrial_RatingResponse: markerPos = 3.737037037037037
61.3258 	EXP 	NTrial_RatingResponse: markerPos = 3.737037037037037
61.3326 	EXP 	NTrial_RatingResponse: markerPos = 3.737037037037037
61.3391 	EXP 	NTrial_RatingResponse: markerPos = 3.737037037037037
61.3459 	EXP 	NTrial_RatingResponse: markerPos = 3.737037037037037
61.3523 	EXP 	NTrial_RatingResponse: markerPos = 3.737037037037037
61.3590 	DATA 	Mouse:  Left button up, pos=(1159,314)
61.3598 	EXP 	NTrial_RatingResponse: markerPos = 3.737037037037037
61.3666 	EXP 	NTrial_RatingResponse: markerPos = 4.0
61.5268 	DATA 	Mouse: Left button down, pos=(883,287)
61.5341 	EXP 	NTrial_RatingResponse: markerPos = 2.714814814814815
61.5407 	EXP 	NTrial_RatingResponse: markerPos = 2.714814814814815
61.5471 	EXP 	NTrial_RatingResponse: markerPos = 2.714814814814815
61.5538 	EXP 	NTrial_RatingResponse: markerPos = 2.714814814814815
61.5600 	EXP 	NTrial_RatingResponse: markerPos = 2.714814814814815
61.5663 	EXP 	NTrial_RatingResponse: markerPos = 2.714814814814815
61.5727 	EXP 	NTrial_RatingResponse: markerPos = 2.714814814814815
61.5794 	EXP 	NTrial_RatingResponse: markerPos = 2.714814814814815
61.5858 	EXP 	NTrial_RatingResponse: markerPos = 2.714814814814815
61.5921 	EXP 	NTrial_RatingResponse: markerPos = 2.714814814814815
61.5984 	EXP 	NTrial_RatingResponse: markerPos = 2.714814814814815
61.6049 	EXP 	NTrial_RatingResponse: markerPos = 2.714814814814815
61.6112 	DATA 	Mouse:  Left button up, pos=(883,287)
61.6118 	EXP 	NTrial_RatingResponse: markerPos = 2.714814814814815
61.6184 	EXP 	NTrial_RatingResponse: markerPos = 3.0
61.8175 	DATA 	Mouse: Left button down, pos=(657,313)
61.8249 	EXP 	NTrial_RatingResponse: markerPos = 1.8777777777777778
61.8320 	EXP 	NTrial_RatingResponse: markerPos = 1.8777777777777778
61.8388 	EXP 	NTrial_RatingResponse: markerPos = 1.8777777777777778
61.8456 	EXP 	NTrial_RatingResponse: markerPos = 1.8777777777777778
61.8522 	EXP 	NTrial_RatingResponse: markerPos = 1.8777777777777778
61.8588 	EXP 	NTrial_RatingResponse: markerPos = 1.8777777777777778
61.8658 	EXP 	NTrial_RatingResponse: markerPos = 1.8777777777777778
61.8724 	EXP 	NTrial_RatingResponse: markerPos = 1.8777777777777778
61.8790 	EXP 	NTrial_RatingResponse: markerPos = 1.874074074074074
61.8854 	EXP 	NTrial_RatingResponse: markerPos = 1.874074074074074
61.8919 	EXP 	NTrial_RatingResponse: markerPos = 1.874074074074074
61.8986 	EXP 	NTrial_RatingResponse: markerPos = 1.874074074074074
61.9051 	EXP 	NTrial_RatingResponse: markerPos = 1.874074074074074
61.9113 	EXP 	NTrial_RatingResponse: markerPos = 1.874074074074074
61.9178 	EXP 	NTrial_RatingResponse: markerPos = 1.874074074074074
61.9181 	DATA 	Mouse:  Left button up, pos=(656,310)
61.9244 	EXP 	NTrial_RatingResponse: markerPos = 2.0
62.0728 	DATA 	Mouse: Left button down, pos=(566,317)
62.0787 	EXP 	NTrial_RatingResponse: markerPos = 1.5407407407407407
62.0857 	EXP 	NTrial_RatingResponse: markerPos = 1.5407407407407407
62.0923 	EXP 	NTrial_RatingResponse: markerPos = 1.5407407407407407
62.0990 	EXP 	NTrial_RatingResponse: markerPos = 1.5407407407407407
62.1055 	EXP 	NTrial_RatingResponse: markerPos = 1.5407407407407407
62.1120 	EXP 	NTrial_RatingResponse: markerPos = 1.5407407407407407
62.1185 	EXP 	NTrial_RatingResponse: markerPos = 1.5407407407407407
62.1248 	EXP 	NTrial_RatingResponse: markerPos = 1.5407407407407407
62.1312 	EXP 	NTrial_RatingResponse: markerPos = 1.5407407407407407
62.1380 	EXP 	NTrial_RatingResponse: markerPos = 1.5407407407407407
62.1446 	EXP 	NTrial_RatingResponse: markerPos = 1.5407407407407407
62.1511 	DATA 	Mouse:  Left button up, pos=(568,317)
62.1517 	EXP 	NTrial_RatingResponse: markerPos = 1.5407407407407407
62.1581 	EXP 	NTrial_RatingResponse: markerPos = 2.0
62.3721 	DATA 	Mouse: Left button down, pos=(387,328)
62.3794 	EXP 	NTrial_RatingResponse: markerPos = 0.8777777777777778
62.3859 	EXP 	NTrial_RatingResponse: markerPos = 0.8777777777777778
62.3922 	EXP 	NTrial_RatingResponse: markerPos = 0.8777777777777778
62.3985 	EXP 	NTrial_RatingResponse: markerPos = 0.8777777777777778
62.4051 	EXP 	NTrial_RatingResponse: markerPos = 0.8777777777777778
62.4117 	EXP 	NTrial_RatingResponse: markerPos = 0.8777777777777778
62.4197 	EXP 	NTrial_RatingResponse: markerPos = 0.8777777777777778
62.4264 	EXP 	NTrial_RatingResponse: markerPos = 0.8777777777777778
62.4332 	EXP 	NTrial_RatingResponse: markerPos = 0.8851851851851853
62.4399 	EXP 	NTrial_RatingResponse: markerPos = 0.8851851851851853
62.4461 	EXP 	NTrial_RatingResponse: markerPos = 0.8925925925925924
62.4527 	EXP 	NTrial_RatingResponse: markerPos = 0.9074074074074074
62.4592 	EXP 	NTrial_RatingResponse: markerPos = 0.922222222222222
62.4662 	EXP 	NTrial_RatingResponse: markerPos = 0.9518518518518517
62.4728 	EXP 	NTrial_RatingResponse: markerPos = 0.9888888888888889
62.4791 	DATA 	Mouse:  Left button up, pos=(432,334)
62.4797 	EXP 	NTrial_RatingResponse: markerPos = 1.0444444444444445
62.4863 	EXP 	NTrial_RatingResponse: markerPos = 1.0
62.5995 	DATA 	Mouse: Left button down, pos=(846,343)
62.6065 	EXP 	NTrial_RatingResponse: markerPos = 2.5777777777777775
62.6134 	EXP 	NTrial_RatingResponse: markerPos = 2.5777777777777775
62.6198 	EXP 	NTrial_RatingResponse: markerPos = 2.5777777777777775
62.6267 	EXP 	NTrial_RatingResponse: markerPos = 2.5777777777777775
62.6341 	EXP 	NTrial_RatingResponse: markerPos = 2.5777777777777775
62.6407 	EXP 	NTrial_RatingResponse: markerPos = 2.5777777777777775
62.6470 	EXP 	NTrial_RatingResponse: markerPos = 2.5777777777777775
62.6533 	EXP 	NTrial_RatingResponse: markerPos = 2.5777777777777775
62.6595 	EXP 	NTrial_RatingResponse: markerPos = 2.5777777777777775
62.6659 	EXP 	NTrial_RatingResponse: markerPos = 2.5777777777777775
62.6725 	EXP 	NTrial_RatingResponse: markerPos = 2.5777777777777775
62.6793 	EXP 	NTrial_RatingResponse: markerPos = 2.5777777777777775
62.6852 	DATA 	Mouse:  Left button up, pos=(846,343)
62.6859 	EXP 	NTrial_RatingResponse: markerPos = 2.5777777777777775
62.6922 	EXP 	NTrial_RatingResponse: markerPos = 3.0
63.0068 	DATA 	Mouse: Left button down, pos=(1238,337)
63.0135 	EXP 	NTrial_RatingResponse: markerPos = 4.02962962962963
63.0203 	EXP 	NTrial_RatingResponse: markerPos = 4.02962962962963
63.0267 	EXP 	NTrial_RatingResponse: markerPos = 4.02962962962963
63.0337 	EXP 	NTrial_RatingResponse: markerPos = 4.02962962962963
63.0404 	EXP 	NTrial_RatingResponse: markerPos = 4.02962962962963
63.0466 	EXP 	NTrial_RatingResponse: markerPos = 4.02962962962963
63.0532 	EXP 	NTrial_RatingResponse: markerPos = 4.02962962962963
63.0595 	EXP 	NTrial_RatingResponse: markerPos = 4.02962962962963
63.0658 	EXP 	NTrial_RatingResponse: markerPos = 4.02962962962963
63.0719 	EXP 	NTrial_RatingResponse: markerPos = 4.02962962962963
63.0781 	EXP 	NTrial_RatingResponse: markerPos = 4.02962962962963
63.0845 	EXP 	NTrial_RatingResponse: markerPos = 4.02962962962963
63.0912 	EXP 	NTrial_RatingResponse: markerPos = 4.02962962962963
63.0974 	EXP 	NTrial_RatingResponse: markerPos = 4.02962962962963
63.1039 	EXP 	NTrial_RatingResponse: markerPos = 4.02962962962963
63.1103 	EXP 	NTrial_RatingResponse: markerPos = 4.02962962962963
63.1167 	EXP 	NTrial_RatingResponse: markerPos = 4.02962962962963
63.1231 	DATA 	Mouse:  Left button up, pos=(1241,336)
63.1239 	EXP 	NTrial_RatingResponse: markerPos = 4.040740740740741
63.1306 	EXP 	NTrial_RatingResponse: markerPos = 4.0
63.2486 	DATA 	Mouse: Left button down, pos=(1482,323)
63.2553 	EXP 	NTrial_RatingResponse: markerPos = 4.933333333333334
63.2623 	EXP 	NTrial_RatingResponse: markerPos = 4.933333333333334
63.2686 	EXP 	NTrial_RatingResponse: markerPos = 4.933333333333334
63.2753 	EXP 	NTrial_RatingResponse: markerPos = 4.933333333333334
63.2819 	EXP 	NTrial_RatingResponse: markerPos = 4.933333333333334
63.2885 	EXP 	NTrial_RatingResponse: markerPos = 4.933333333333334
63.2950 	EXP 	NTrial_RatingResponse: markerPos = 4.933333333333334
63.3013 	EXP 	NTrial_RatingResponse: markerPos = 4.933333333333334
63.3077 	EXP 	NTrial_RatingResponse: markerPos = 4.933333333333334
63.3144 	EXP 	NTrial_RatingResponse: markerPos = 4.933333333333334
63.3209 	EXP 	NTrial_RatingResponse: markerPos = 4.933333333333334
63.3273 	EXP 	NTrial_RatingResponse: markerPos = 4.933333333333334
63.3339 	EXP 	NTrial_RatingResponse: markerPos = 4.933333333333334
63.3400 	DATA 	Mouse:  Left button up, pos=(1482,323)
63.3406 	EXP 	NTrial_RatingResponse: markerPos = 4.933333333333334
63.3469 	EXP 	NTrial_RatingResponse: markerPos = 5.0
63.5318 	DATA 	Mouse: Left button down, pos=(1282,297)
63.5391 	EXP 	NTrial_RatingResponse: markerPos = 4.192592592592593
63.5458 	EXP 	NTrial_RatingResponse: markerPos = 4.192592592592593
63.5522 	EXP 	NTrial_RatingResponse: markerPos = 4.192592592592593
63.5585 	EXP 	NTrial_RatingResponse: markerPos = 4.192592592592593
63.5652 	EXP 	NTrial_RatingResponse: markerPos = 4.192592592592593
63.5720 	EXP 	NTrial_RatingResponse: markerPos = 4.192592592592593
63.5783 	EXP 	NTrial_RatingResponse: markerPos = 4.192592592592593
63.5847 	EXP 	NTrial_RatingResponse: markerPos = 4.192592592592593
63.5911 	EXP 	NTrial_RatingResponse: markerPos = 4.192592592592593
63.5970 	DATA 	Mouse:  Left button up, pos=(1282,297)
63.5977 	EXP 	NTrial_RatingResponse: markerPos = 4.192592592592593
63.6044 	EXP 	NTrial_RatingResponse: markerPos = 4.0
63.8157 	DATA 	Mouse: Left button down, pos=(974,294)
63.8222 	EXP 	NTrial_RatingResponse: markerPos = 3.051851851851852
63.8290 	EXP 	NTrial_RatingResponse: markerPos = 3.051851851851852
63.8364 	EXP 	NTrial_RatingResponse: markerPos = 3.051851851851852
63.8431 	EXP 	NTrial_RatingResponse: markerPos = 3.051851851851852
63.8494 	EXP 	NTrial_RatingResponse: markerPos = 3.051851851851852
63.8558 	EXP 	NTrial_RatingResponse: markerPos = 3.051851851851852
63.8626 	EXP 	NTrial_RatingResponse: markerPos = 3.051851851851852
63.8694 	EXP 	NTrial_RatingResponse: markerPos = 3.051851851851852
63.8761 	EXP 	NTrial_RatingResponse: markerPos = 3.051851851851852
63.8825 	EXP 	NTrial_RatingResponse: markerPos = 3.051851851851852
63.8886 	EXP 	NTrial_RatingResponse: markerPos = 3.051851851851852
63.8951 	EXP 	NTrial_RatingResponse: markerPos = 3.051851851851852
63.9016 	EXP 	NTrial_RatingResponse: markerPos = 3.051851851851852
63.9082 	EXP 	NTrial_RatingResponse: markerPos = 3.051851851851852
63.9093 	DATA 	Mouse:  Left button up, pos=(974,294)
63.9149 	EXP 	NTrial_RatingResponse: markerPos = 3.0
64.1045 	DATA 	Mouse: Left button down, pos=(737,291)
64.1107 	EXP 	NTrial_RatingResponse: markerPos = 2.174074074074074
64.1170 	EXP 	NTrial_RatingResponse: markerPos = 2.174074074074074
64.1234 	EXP 	NTrial_RatingResponse: markerPos = 2.174074074074074
64.1296 	EXP 	NTrial_RatingResponse: markerPos = 2.174074074074074
64.1362 	EXP 	NTrial_RatingResponse: markerPos = 2.174074074074074
64.1426 	EXP 	NTrial_RatingResponse: markerPos = 2.174074074074074
64.1490 	EXP 	NTrial_RatingResponse: markerPos = 2.174074074074074
64.1555 	EXP 	NTrial_RatingResponse: markerPos = 2.174074074074074
64.1615 	DATA 	Mouse:  Left button up, pos=(737,291)
64.1621 	EXP 	NTrial_RatingResponse: markerPos = 2.174074074074074
64.1687 	EXP 	NTrial_RatingResponse: markerPos = 2.0
64.3976 	DATA 	Mouse: Left button down, pos=(487,309)
64.4050 	EXP 	NTrial_RatingResponse: markerPos = 1.2481481481481482
64.4117 	EXP 	NTrial_RatingResponse: markerPos = 1.2481481481481482
64.4177 	EXP 	NTrial_RatingResponse: markerPos = 1.2481481481481482
64.4242 	EXP 	NTrial_RatingResponse: markerPos = 1.2481481481481482
64.4313 	EXP 	NTrial_RatingResponse: markerPos = 1.2481481481481482
64.4380 	EXP 	NTrial_RatingResponse: markerPos = 1.2481481481481482
64.4444 	EXP 	NTrial_RatingResponse: markerPos = 1.2481481481481482
64.4507 	EXP 	NTrial_RatingResponse: markerPos = 1.2481481481481482
64.4571 	EXP 	NTrial_RatingResponse: markerPos = 1.2481481481481482
64.4636 	EXP 	NTrial_RatingResponse: markerPos = 1.2481481481481482
64.4703 	EXP 	NTrial_RatingResponse: markerPos = 1.2481481481481482
64.4769 	EXP 	NTrial_RatingResponse: markerPos = 1.2481481481481482
64.4839 	EXP 	NTrial_RatingResponse: markerPos = 1.2481481481481482
64.4902 	EXP 	NTrial_RatingResponse: markerPos = 1.2481481481481482
64.4964 	EXP 	NTrial_RatingResponse: markerPos = 1.2481481481481482
64.5033 	EXP 	NTrial_RatingResponse: markerPos = 1.2481481481481482
64.5045 	DATA 	Mouse:  Left button up, pos=(487,309)
64.5102 	EXP 	NTrial_RatingResponse: markerPos = 1.0
64.7016 	DATA 	Mouse: Left button down, pos=(617,304)
64.7088 	EXP 	NTrial_RatingResponse: markerPos = 1.7296296296296296
64.7150 	EXP 	NTrial_RatingResponse: markerPos = 1.7296296296296296
64.7216 	EXP 	NTrial_RatingResponse: markerPos = 1.7296296296296296
64.7280 	EXP 	NTrial_RatingResponse: markerPos = 1.7296296296296296
64.7344 	EXP 	NTrial_RatingResponse: markerPos = 1.7296296296296296
64.7408 	EXP 	NTrial_RatingResponse: markerPos = 1.7296296296296296
64.7471 	EXP 	NTrial_RatingResponse: markerPos = 1.7296296296296296
64.7537 	EXP 	NTrial_RatingResponse: markerPos = 1.7296296296296296
64.7605 	EXP 	NTrial_RatingResponse: markerPos = 1.7296296296296296
64.7669 	EXP 	NTrial_RatingResponse: markerPos = 1.7296296296296296
64.7742 	EXP 	NTrial_RatingResponse: markerPos = 1.7296296296296296
64.7807 	EXP 	NTrial_RatingResponse: markerPos = 1.737037037037037
64.7872 	EXP 	NTrial_RatingResponse: markerPos = 1.7444444444444445
64.7936 	EXP 	NTrial_RatingResponse: markerPos = 1.7555555555555555
64.8000 	DATA 	Mouse:  Left button up, pos=(629,306)
64.8007 	EXP 	NTrial_RatingResponse: markerPos = 1.7740740740740741
64.8074 	EXP 	NTrial_RatingResponse: markerPos = 2.0
64.9436 	DATA 	Mouse: Left button down, pos=(940,325)
64.9508 	EXP 	NTrial_RatingResponse: markerPos = 2.925925925925926
64.9577 	EXP 	NTrial_RatingResponse: markerPos = 2.9333333333333336
64.9649 	EXP 	NTrial_RatingResponse: markerPos = 2.9407407407407407
64.9717 	EXP 	NTrial_RatingResponse: markerPos = 2.9407407407407407
64.9784 	EXP 	NTrial_RatingResponse: markerPos = 2.9407407407407407
64.9848 	EXP 	NTrial_RatingResponse: markerPos = 2.9407407407407407
64.9915 	EXP 	NTrial_RatingResponse: markerPos = 2.9407407407407407
64.9979 	EXP 	NTrial_RatingResponse: markerPos = 2.9407407407407407
65.0049 	EXP 	NTrial_RatingResponse: markerPos = 2.9407407407407407
65.0116 	EXP 	NTrial_RatingResponse: markerPos = 2.9407407407407407
65.0182 	EXP 	NTrial_RatingResponse: markerPos = 2.9407407407407407
65.0249 	EXP 	NTrial_RatingResponse: markerPos = 2.9407407407407407
65.0317 	DATA 	Mouse:  Left button up, pos=(944,325)
65.0323 	EXP 	NTrial_RatingResponse: markerPos = 2.9407407407407407
65.0388 	EXP 	NTrial_RatingResponse: markerPos = 3.0
65.2490 	DATA 	Mouse: Left button down, pos=(1160,325)
65.2563 	EXP 	NTrial_RatingResponse: markerPos = 3.7407407407407405
65.2628 	EXP 	NTrial_RatingResponse: markerPos = 3.7407407407407405
65.2697 	EXP 	NTrial_RatingResponse: markerPos = 3.7407407407407405
65.2763 	EXP 	NTrial_RatingResponse: markerPos = 3.7407407407407405
65.2828 	EXP 	NTrial_RatingResponse: markerPos = 3.7407407407407405
65.2893 	EXP 	NTrial_RatingResponse: markerPos = 3.7407407407407405
65.2958 	EXP 	NTrial_RatingResponse: markerPos = 3.7407407407407405
65.3036 	EXP 	NTrial_RatingResponse: markerPos = 3.7407407407407405
65.3105 	EXP 	NTrial_RatingResponse: markerPos = 3.7407407407407405
65.3169 	EXP 	NTrial_RatingResponse: markerPos = 3.7407407407407405
65.3235 	EXP 	NTrial_RatingResponse: markerPos = 3.7407407407407405
65.3300 	EXP 	NTrial_RatingResponse: markerPos = 3.7407407407407405
65.3368 	EXP 	NTrial_RatingResponse: markerPos = 3.7407407407407405
65.3445 	EXP 	NTrial_RatingResponse: markerPos = 3.7444444444444445
65.3515 	DATA 	Mouse:  Left button up, pos=(1170,326)
65.3521 	EXP 	NTrial_RatingResponse: markerPos = 3.7555555555555555
65.3588 	EXP 	NTrial_RatingResponse: markerPos = 4.0
65.4968 	DATA 	Mouse: Left button down, pos=(1502,295)
65.5038 	EXP 	NTrial_RatingResponse: markerPos = 5.007407407407408
65.5106 	EXP 	NTrial_RatingResponse: markerPos = 5.007407407407408
65.5173 	EXP 	NTrial_RatingResponse: markerPos = 5.007407407407408
65.5239 	EXP 	NTrial_RatingResponse: markerPos = 5.007407407407408
65.5306 	EXP 	NTrial_RatingResponse: markerPos = 5.007407407407408
65.5370 	EXP 	NTrial_RatingResponse: markerPos = 5.007407407407408
65.5438 	EXP 	NTrial_RatingResponse: markerPos = 5.007407407407408
65.5506 	EXP 	NTrial_RatingResponse: markerPos = 5.007407407407408
65.5567 	EXP 	NTrial_RatingResponse: markerPos = 5.007407407407408
65.5631 	EXP 	NTrial_RatingResponse: markerPos = 5.007407407407408
65.5696 	EXP 	NTrial_RatingResponse: markerPos = 5.007407407407408
65.5760 	EXP 	NTrial_RatingResponse: markerPos = 5.007407407407408
65.5826 	EXP 	NTrial_RatingResponse: markerPos = 5.007407407407408
65.5888 	DATA 	Mouse:  Left button up, pos=(1502,295)
65.5893 	EXP 	NTrial_RatingResponse: markerPos = 5.007407407407408
65.5954 	EXP 	NTrial_RatingResponse: markerPos = 5.0
65.7761 	DATA 	Mouse: Left button down, pos=(1205,285)
65.7834 	EXP 	NTrial_RatingResponse: markerPos = 3.9074074074074074
65.7901 	EXP 	NTrial_RatingResponse: markerPos = 3.9074074074074074
65.7963 	EXP 	NTrial_RatingResponse: markerPos = 3.9074074074074074
65.8025 	EXP 	NTrial_RatingResponse: markerPos = 3.9074074074074074
65.8094 	EXP 	NTrial_RatingResponse: markerPos = 3.9074074074074074
65.8160 	EXP 	NTrial_RatingResponse: markerPos = 3.9074074074074074
65.8224 	EXP 	NTrial_RatingResponse: markerPos = 3.9074074074074074
65.8290 	EXP 	NTrial_RatingResponse: markerPos = 3.9074074074074074
65.8355 	EXP 	NTrial_RatingResponse: markerPos = 3.9074074074074074
65.8420 	EXP 	NTrial_RatingResponse: markerPos = 3.9074074074074074
65.8486 	EXP 	NTrial_RatingResponse: markerPos = 3.9074074074074074
65.8553 	EXP 	NTrial_RatingResponse: markerPos = 3.9074074074074074
65.8617 	DATA 	Mouse:  Left button up, pos=(1205,285)
65.8622 	EXP 	NTrial_RatingResponse: markerPos = 3.9074074074074074
65.8687 	EXP 	NTrial_RatingResponse: markerPos = 4.0
66.0282 	DATA 	Mouse: Left button down, pos=(839,287)
66.0342 	EXP 	NTrial_RatingResponse: markerPos = 2.551851851851852
66.0410 	EXP 	NTrial_RatingResponse: markerPos = 2.551851851851852
66.0476 	EXP 	NTrial_RatingResponse: markerPos = 2.551851851851852
66.0540 	EXP 	NTrial_RatingResponse: markerPos = 2.551851851851852
66.0604 	EXP 	NTrial_RatingResponse: markerPos = 2.551851851851852
66.0672 	EXP 	NTrial_RatingResponse: markerPos = 2.551851851851852
66.0738 	EXP 	NTrial_RatingResponse: markerPos = 2.551851851851852
66.0805 	EXP 	NTrial_RatingResponse: markerPos = 2.551851851851852
66.0872 	EXP 	NTrial_RatingResponse: markerPos = 2.551851851851852
66.0942 	EXP 	NTrial_RatingResponse: markerPos = 2.551851851851852
66.1010 	EXP 	NTrial_RatingResponse: markerPos = 2.551851851851852
66.1077 	EXP 	NTrial_RatingResponse: markerPos = 2.551851851851852
66.1145 	DATA 	Mouse:  Left button up, pos=(832,287)
66.1152 	EXP 	NTrial_RatingResponse: markerPos = 2.5481481481481483
66.1217 	EXP 	NTrial_RatingResponse: markerPos = 3.0
66.2870 	DATA 	Mouse: Left button down, pos=(493,315)
66.2943 	EXP 	NTrial_RatingResponse: markerPos = 1.2703703703703704
66.3014 	EXP 	NTrial_RatingResponse: markerPos = 1.2703703703703704
66.3081 	EXP 	NTrial_RatingResponse: markerPos = 1.2703703703703704
66.3148 	EXP 	NTrial_RatingResponse: markerPos = 1.2703703703703704
66.3218 	EXP 	NTrial_RatingResponse: markerPos = 1.2703703703703704
66.3285 	EXP 	NTrial_RatingResponse: markerPos = 1.2703703703703704
66.3352 	EXP 	NTrial_RatingResponse: markerPos = 1.2703703703703704
66.3422 	EXP 	NTrial_RatingResponse: markerPos = 1.2703703703703704
66.3491 	EXP 	NTrial_RatingResponse: markerPos = 1.2703703703703704
66.3555 	EXP 	NTrial_RatingResponse: markerPos = 1.2703703703703704
66.3623 	EXP 	NTrial_RatingResponse: markerPos = 1.2703703703703704
66.3689 	EXP 	NTrial_RatingResponse: markerPos = 1.2703703703703704
66.3755 	EXP 	NTrial_RatingResponse: markerPos = 1.2703703703703704
66.3819 	DATA 	Mouse:  Left button up, pos=(493,315)
66.3825 	EXP 	NTrial_RatingResponse: markerPos = 1.2703703703703704
66.3893 	EXP 	NTrial_RatingResponse: markerPos = 1.0
66.7107 	DATA 	Mouse: Left button down, pos=(1545,175)
66.7725 	DATA 	Mouse:  Left button up, pos=(1545,175)
66.9067 	DATA 	Mouse: Left button down, pos=(1542,143)
66.9098 	EXP 	NTrial_NSB: autoDraw = False
66.9098 	EXP 	NTrial_Cue: autoDraw = False
66.9098 	EXP 	NTrial_RatingText: autoDraw = False
66.9098 	EXP 	NTrial_RatingResponse: autoDraw = False
66.9509 	EXP 	window1: mouseVisible = True
