5.5587 	EXP 	Created window1 = Window(allowGUI=True, allowStencil=False, autoLog=True, backendConf=UNKNOWN, backgroundFit=<method-wrapper '__getattribute__' of attributeSetter object at 0x000001ACCE3FECD0>, backgroundImage=<method-wrapper '__getattribute__' of attributeSetter object at 0x000001ACCE3FEC70>, bitsMode=UNKNOWN, blendMode='avg', bpc=(8, 8, 8), color=array([0, 0, 0]), colorSpace='rgb', depthBits=8, fullscr=<method-wrapper '__getattribute__' of attributeSetter object at 0x000001ACCE3FE970>, gamma=None, gammaErrorPolicy='raise', lms=UNKNOWN, monitor=<psychopy.monitors.calibTools.Monitor object at 0x000001ACD44DA2E0>, multiSample=False, name='window1', numSamples=2, pos=(0, 0), screen=0, size=array([1920, 1080]), stencilBits=0, stereo=False, units='height', useFBO=True, useRetina=False, viewOri=0.0, viewPos=None, viewScale=None, waitBlanking=True, winType='pyglet')
5.5588 	EXP 	window1: mouseVisible = True
5.5588 	EXP 	window1: backgroundImage = ''
5.5588 	EXP 	window1: backgroundFit = 'none'
5.5589 	EXP 	window1: mouseVisible = False
5.5589 	EXP 	window1: Attempting to measure frame rate of screen (0) ...
5.5589 	EXP 	window1: recordFrameIntervals = False
5.5946 	EXP 	window1: recordFrameIntervals = True
5.6194 	WARNING 	t of last frame was 5.19ms (=1/192)
5.6254 	WARNING 	t of last frame was 3.98ms (=1/251)
5.6308 	EXP 	Screen (0) actual frame rate measured at 330.73Hz
5.6309 	EXP 	window1: recordFrameIntervals = False
7.3984 	EXP 	Created GetReady_Text = TextStim(__class__=<class 'psychopy.visual.text.TextStim'>, alignHoriz=method-wrapper(...), alignText='center', alignVert=method-wrapper(...), anchorHoriz='center', anchorVert='center', antialias=True, autoDraw=False, autoLog=True, bold=False, color=array([1., 1., 1.]), colorSpace='rgb', contrast=1.0, depth=0.0, flipHoriz=False, flipVert=False, font='Open Sans', fontFiles=[], height=0.05, italic=False, languageStyle='LTR', name='GetReady_Text', opacity=1.0, ori=0.0, pos=array([0., 0.]), rgb=UNKNOWN, text='', units='height', win=Window(...), wrapWidth=1)
7.4012 	EXP 	Created GetRead_Cross = ShapeStim(__class__=<class 'psychopy.visual.shape.ShapeStim'>, anchor=('center', 'center'), autoDraw=False, autoLog=True, closeShape=True, color=method-wrapper(...), colorSpace='rgb', contrast=None, depth=-1.0, fillColor=array([1, 1, 1]), fillColorSpace='rgb', fillRGB=array([1, 1, 1]), interpolate=True, lineColor=array([1., 1., 1.]), lineColorSpace='rgb', lineRGB=array([1, 1, 1]), lineWidth=1.0, name='GetRead_Cross', opacity=1.0, ori=0.0, pos=array([0., 0.]), size=array([0.2, 0.2]), units='height', vertices=ndarray(...), win=Window(...), windingRule=None)
7.4042 	EXP 	GetReady_Text: autoDraw = True
7.4042 	EXP 	GetRead_Cross: autoDraw = True
10.4036 	EXP 	GetReady_Text: autoDraw = False
10.4036 	EXP 	GetRead_Cross: autoDraw = False
10.4036 	EXP 	GetReady_Text: autoDraw = False
10.4036 	EXP 	GetRead_Cross: autoDraw = False
10.4281 	EXP 	window1: mouseVisible = True
